{"/Users/chrisle/code/prolink-connect/src/constants.ts": {"path":"/Users/chrisle/code/prolink-connect/src/constants.ts","statementMap":{"0":{"start":{"line":7,"column":13},"end":{"line":7,"column":36}},"1":{"start":{"line":12,"column":13},"end":{"line":12,"column":35}},"2":{"start":{"line":17,"column":13},"end":{"line":17,"column":31}},"3":{"start":{"line":22,"column":13},"end":{"line":22,"column":33}},"4":{"start":{"line":27,"column":13},"end":{"line":27,"column":38}},"5":{"start":{"line":32,"column":13},"end":{"line":32,"column":42}},"6":{"start":{"line":38,"column":13},"end":{"line":41,"column":2}},"7":{"start":{"line":46,"column":13},"end":{"line":46,"column":46}},"8":{"start":{"line":52,"column":13},"end":{"line":52,"column":43}}},"fnMap":{},"branchMap":{},"s":{"0":6,"1":6,"2":6,"3":6,"4":6,"5":6,"6":6,"7":6,"8":6},"f":{},"b":{}}
,"/Users/chrisle/code/prolink-connect/src/types.ts": {"path":"/Users/chrisle/code/prolink-connect/src/types.ts","statementMap":{"0":{"start":{"line":5,"column":0},"end":{"line":5,"column":46}},"1":{"start":{"line":30,"column":0},"end":{"line":30,"column":null}},"2":{"start":{"line":31,"column":2},"end":{"line":31,"column":null}},"3":{"start":{"line":32,"column":2},"end":{"line":32,"column":null}},"4":{"start":{"line":33,"column":2},"end":{"line":33,"column":null}},"5":{"start":{"line":104,"column":0},"end":{"line":104,"column":null}},"6":{"start":{"line":105,"column":2},"end":{"line":105,"column":null}},"7":{"start":{"line":106,"column":2},"end":{"line":106,"column":null}},"8":{"start":{"line":107,"column":2},"end":{"line":107,"column":null}},"9":{"start":{"line":108,"column":2},"end":{"line":108,"column":null}},"10":{"start":{"line":109,"column":2},"end":{"line":109,"column":null}},"11":{"start":{"line":110,"column":2},"end":{"line":110,"column":null}},"12":{"start":{"line":111,"column":2},"end":{"line":111,"column":null}},"13":{"start":{"line":112,"column":2},"end":{"line":112,"column":null}},"14":{"start":{"line":113,"column":2},"end":{"line":113,"column":null}},"15":{"start":{"line":119,"column":0},"end":{"line":119,"column":null}},"16":{"start":{"line":120,"column":2},"end":{"line":120,"column":null}},"17":{"start":{"line":121,"column":2},"end":{"line":121,"column":null}},"18":{"start":{"line":122,"column":2},"end":{"line":122,"column":null}},"19":{"start":{"line":123,"column":2},"end":{"line":123,"column":null}},"20":{"start":{"line":124,"column":2},"end":{"line":124,"column":null}},"21":{"start":{"line":130,"column":0},"end":{"line":130,"column":null}},"22":{"start":{"line":131,"column":2},"end":{"line":131,"column":null}},"23":{"start":{"line":132,"column":2},"end":{"line":132,"column":null}},"24":{"start":{"line":133,"column":2},"end":{"line":133,"column":null}},"25":{"start":{"line":134,"column":2},"end":{"line":134,"column":null}},"26":{"start":{"line":218,"column":0},"end":{"line":218,"column":null}},"27":{"start":{"line":219,"column":2},"end":{"line":219,"column":null}},"28":{"start":{"line":220,"column":2},"end":{"line":220,"column":null}},"29":{"start":{"line":221,"column":2},"end":{"line":221,"column":null}},"30":{"start":{"line":222,"column":2},"end":{"line":222,"column":null}},"31":{"start":{"line":223,"column":2},"end":{"line":223,"column":null}},"32":{"start":{"line":224,"column":2},"end":{"line":224,"column":null}},"33":{"start":{"line":225,"column":2},"end":{"line":225,"column":null}},"34":{"start":{"line":226,"column":2},"end":{"line":226,"column":null}},"35":{"start":{"line":233,"column":0},"end":{"line":233,"column":null}},"36":{"start":{"line":234,"column":2},"end":{"line":234,"column":null}},"37":{"start":{"line":235,"column":2},"end":{"line":235,"column":null}},"38":{"start":{"line":236,"column":2},"end":{"line":236,"column":null}},"39":{"start":{"line":237,"column":2},"end":{"line":237,"column":null}},"40":{"start":{"line":238,"column":2},"end":{"line":238,"column":null}},"41":{"start":{"line":239,"column":2},"end":{"line":239,"column":null}},"42":{"start":{"line":240,"column":2},"end":{"line":240,"column":null}},"43":{"start":{"line":241,"column":2},"end":{"line":241,"column":null}},"44":{"start":{"line":242,"column":2},"end":{"line":242,"column":null}},"45":{"start":{"line":243,"column":2},"end":{"line":243,"column":null}},"46":{"start":{"line":244,"column":2},"end":{"line":244,"column":null}},"47":{"start":{"line":245,"column":2},"end":{"line":245,"column":null}},"48":{"start":{"line":246,"column":2},"end":{"line":246,"column":null}},"49":{"start":{"line":247,"column":2},"end":{"line":247,"column":null}},"50":{"start":{"line":248,"column":2},"end":{"line":248,"column":null}},"51":{"start":{"line":249,"column":2},"end":{"line":249,"column":null}},"52":{"start":{"line":250,"column":2},"end":{"line":250,"column":null}},"53":{"start":{"line":251,"column":2},"end":{"line":251,"column":null}},"54":{"start":{"line":448,"column":0},"end":{"line":448,"column":null}},"55":{"start":{"line":453,"column":2},"end":{"line":453,"column":null}},"56":{"start":{"line":458,"column":2},"end":{"line":458,"column":null}},"57":{"start":{"line":462,"column":2},"end":{"line":462,"column":null}},"58":{"start":{"line":467,"column":2},"end":{"line":467,"column":null}},"59":{"start":{"line":474,"column":0},"end":{"line":474,"column":null}},"60":{"start":{"line":494,"column":2},"end":{"line":494,"column":null}},"61":{"start":{"line":500,"column":2},"end":{"line":500,"column":null}},"62":{"start":{"line":504,"column":2},"end":{"line":504,"column":null}}},"fnMap":{"0":{"name":"(anonymous_9)","decl":{"start":{"line":30,"column":0},"end":{"line":30,"column":12}},"loc":{"start":{"line":30,"column":22},"end":{"line":34,"column":1}}},"1":{"name":"(anonymous_10)","decl":{"start":{"line":104,"column":0},"end":{"line":104,"column":12}},"loc":{"start":{"line":104,"column":22},"end":{"line":114,"column":1}}},"2":{"name":"(anonymous_11)","decl":{"start":{"line":119,"column":0},"end":{"line":119,"column":12}},"loc":{"start":{"line":119,"column":21},"end":{"line":125,"column":1}}},"3":{"name":"(anonymous_12)","decl":{"start":{"line":130,"column":0},"end":{"line":130,"column":12}},"loc":{"start":{"line":130,"column":21},"end":{"line":135,"column":1}}},"4":{"name":"(anonymous_13)","decl":{"start":{"line":218,"column":0},"end":{"line":218,"column":12}},"loc":{"start":{"line":218,"column":24},"end":{"line":227,"column":1}}},"5":{"name":"(anonymous_14)","decl":{"start":{"line":233,"column":0},"end":{"line":233,"column":12}},"loc":{"start":{"line":233,"column":20},"end":{"line":252,"column":1}}},"6":{"name":"(anonymous_15)","decl":{"start":{"line":448,"column":0},"end":{"line":448,"column":12}},"loc":{"start":{"line":448,"column":24},"end":{"line":468,"column":1}}},"7":{"name":"(anonymous_16)","decl":{"start":{"line":474,"column":0},"end":{"line":474,"column":12}},"loc":{"start":{"line":474,"column":25},"end":{"line":505,"column":1}}}},"branchMap":{"0":{"loc":{"start":{"line":30,"column":12},"end":{"line":30,"column":22}},"type":"binary-expr","locations":[{"start":{"line":30,"column":12},"end":{"line":30,"column":22}},{"start":{"line":30,"column":22},"end":{"line":30,"column":null}}]},"1":{"loc":{"start":{"line":104,"column":12},"end":{"line":104,"column":22}},"type":"binary-expr","locations":[{"start":{"line":104,"column":12},"end":{"line":104,"column":22}},{"start":{"line":104,"column":22},"end":{"line":104,"column":null}}]},"2":{"loc":{"start":{"line":119,"column":12},"end":{"line":119,"column":21}},"type":"binary-expr","locations":[{"start":{"line":119,"column":12},"end":{"line":119,"column":21}},{"start":{"line":119,"column":21},"end":{"line":119,"column":null}}]},"3":{"loc":{"start":{"line":130,"column":12},"end":{"line":130,"column":21}},"type":"binary-expr","locations":[{"start":{"line":130,"column":12},"end":{"line":130,"column":21}},{"start":{"line":130,"column":21},"end":{"line":130,"column":null}}]},"4":{"loc":{"start":{"line":218,"column":12},"end":{"line":218,"column":24}},"type":"binary-expr","locations":[{"start":{"line":218,"column":12},"end":{"line":218,"column":24}},{"start":{"line":218,"column":24},"end":{"line":218,"column":null}}]},"5":{"loc":{"start":{"line":233,"column":12},"end":{"line":233,"column":20}},"type":"binary-expr","locations":[{"start":{"line":233,"column":12},"end":{"line":233,"column":20}},{"start":{"line":233,"column":20},"end":{"line":233,"column":null}}]},"6":{"loc":{"start":{"line":448,"column":12},"end":{"line":448,"column":24}},"type":"binary-expr","locations":[{"start":{"line":448,"column":12},"end":{"line":448,"column":24}},{"start":{"line":448,"column":24},"end":{"line":448,"column":null}}]},"7":{"loc":{"start":{"line":474,"column":12},"end":{"line":474,"column":25}},"type":"binary-expr","locations":[{"start":{"line":474,"column":12},"end":{"line":474,"column":25}},{"start":{"line":474,"column":25},"end":{"line":474,"column":null}}]}},"s":{"0":8,"1":8,"2":8,"3":8,"4":8,"5":8,"6":8,"7":8,"8":8,"9":8,"10":8,"11":8,"12":8,"13":8,"14":8,"15":8,"16":8,"17":8,"18":8,"19":8,"20":8,"21":8,"22":8,"23":8,"24":8,"25":8,"26":8,"27":8,"28":8,"29":8,"30":8,"31":8,"32":8,"33":8,"34":8,"35":8,"36":8,"37":8,"38":8,"39":8,"40":8,"41":8,"42":8,"43":8,"44":8,"45":8,"46":8,"47":8,"48":8,"49":8,"50":8,"51":8,"52":8,"53":8,"54":8,"55":8,"56":8,"57":8,"58":8,"59":8,"60":8,"61":8,"62":8},"f":{"0":8,"1":8,"2":8,"3":8,"4":8,"5":8,"6":8,"7":8},"b":{"0":[8,8],"1":[8,8],"2":[8,8],"3":[8,8],"4":[8,8],"5":[8,8],"6":[8,8],"7":[8,8]}}
,"/Users/chrisle/code/prolink-connect/src/devices/index.ts": {"path":"/Users/chrisle/code/prolink-connect/src/devices/index.ts","statementMap":{"0":{"start":{"line":4,"column":0},"end":{"line":4,"column":36}},"1":{"start":{"line":6,"column":0},"end":{"line":6,"column":47}},"2":{"start":{"line":9,"column":0},"end":{"line":9,"column":41}},"3":{"start":{"line":21,"column":22},"end":{"line":23,"column":2}},"4":{"start":{"line":29,"column":24},"end":{"line":29,"column":28}},"5":{"start":{"line":66,"column":2},"end":{"line":66,"column":28}},"6":{"start":{"line":70,"column":2},"end":{"line":70,"column":41}},"7":{"start":{"line":75,"column":2},"end":{"line":75,"column":56}},"8":{"start":{"line":79,"column":2},"end":{"line":79,"column":41}},"9":{"start":{"line":89,"column":2},"end":{"line":89,"column":68}},"10":{"start":{"line":90,"column":2},"end":{"line":90,"column":73}},"11":{"start":{"line":91,"column":2},"end":{"line":91,"column":65}},"12":{"start":{"line":132,"column":2},"end":{"line":160,"column":4}},"13":{"start":{"line":133,"column":19},"end":{"line":133,"column":44}},"14":{"start":{"line":135,"column":4},"end":{"line":137,"column":5}},"15":{"start":{"line":136,"column":6},"end":{"line":136,"column":13}},"16":{"start":{"line":139,"column":4},"end":{"line":141,"column":5}},"17":{"start":{"line":140,"column":6},"end":{"line":140,"column":13}},"18":{"start":{"line":144,"column":4},"end":{"line":147,"column":5}},"19":{"start":{"line":145,"column":6},"end":{"line":145,"column":43}},"20":{"start":{"line":146,"column":6},"end":{"line":146,"column":46}},"21":{"start":{"line":149,"column":4},"end":{"line":149,"column":44}},"22":{"start":{"line":152,"column":26},"end":{"line":152,"column":61}},"23":{"start":{"line":153,"column":4},"end":{"line":155,"column":5}},"24":{"start":{"line":154,"column":6},"end":{"line":154,"column":34}},"25":{"start":{"line":157,"column":20},"end":{"line":157,"column":46}},"26":{"start":{"line":158,"column":23},"end":{"line":158,"column":74}},"27":{"start":{"line":159,"column":4},"end":{"line":159,"column":52}},"28":{"start":{"line":162,"column":2},"end":{"line":167,"column":4}},"29":{"start":{"line":163,"column":4},"end":{"line":163,"column":43}},"30":{"start":{"line":164,"column":4},"end":{"line":164,"column":50}},"31":{"start":{"line":166,"column":4},"end":{"line":166,"column":54}},"32":{"start":{"line":82,"column":4},"end":{"line":82,"column":49}},"33":{"start":{"line":85,"column":4},"end":{"line":85,"column":55}},"34":{"start":{"line":97,"column":4},"end":{"line":97,"column":25}},"35":{"start":{"line":105,"column":27},"end":{"line":105,"column":47}},"36":{"start":{"line":107,"column":4},"end":{"line":109,"column":5}},"37":{"start":{"line":108,"column":6},"end":{"line":108,"column":28}},"38":{"start":{"line":114,"column":26},"end":{"line":117,"column":6}},"39":{"start":{"line":115,"column":6},"end":{"line":115,"column":72}},"40":{"start":{"line":115,"column":36},"end":{"line":115,"column":71}},"41":{"start":{"line":116,"column":6},"end":{"line":116,"column":36}},"42":{"start":{"line":119,"column":19},"end":{"line":122,"column":6}},"43":{"start":{"line":121,"column":29},"end":{"line":121,"column":63}},"44":{"start":{"line":121,"column":46},"end":{"line":121,"column":53}},"45":{"start":{"line":123,"column":4},"end":{"line":123,"column":36}},"46":{"start":{"line":125,"column":4},"end":{"line":125,"column":18}},"47":{"start":{"line":129,"column":4},"end":{"line":129,"column":48}},"48":{"start":{"line":170,"column":0},"end":{"line":170,"column":29}}},"fnMap":{"0":{"name":"(anonymous_2)","decl":{"start":{"line":81,"column":2},"end":{"line":81,"column":14}},"loc":{"start":{"line":81,"column":53},"end":{"line":86,"column":3}}},"1":{"name":"(anonymous_3)","decl":{"start":{"line":132,"column":20},"end":{"line":132,"column":21}},"loc":{"start":{"line":132,"column":40},"end":{"line":160,"column":3}}},"2":{"name":"(anonymous_4)","decl":{"start":{"line":162,"column":22},"end":{"line":162,"column":23}},"loc":{"start":{"line":162,"column":48},"end":{"line":167,"column":3}}},"3":{"name":"(anonymous_5)","decl":{"start":{"line":96,"column":2},"end":{"line":96,"column":6}},"loc":{"start":{"line":96,"column":13},"end":{"line":98,"column":3}}},"4":{"name":"(anonymous_6)","decl":{"start":{"line":104,"column":2},"end":{"line":104,"column":7}},"loc":{"start":{"line":104,"column":72},"end":{"line":126,"column":3}}},"5":{"name":"(anonymous_7)","decl":{"start":{"line":114,"column":46},"end":{"line":114,"column":53}},"loc":{"start":{"line":114,"column":56},"end":{"line":117,"column":5}}},"6":{"name":"(anonymous_8)","decl":{"start":{"line":115,"column":16},"end":{"line":115,"column":17}},"loc":{"start":{"line":115,"column":36},"end":{"line":115,"column":71}}},"7":{"name":"(anonymous_9)","decl":{"start":{"line":121,"column":24},"end":{"line":121,"column":25}},"loc":{"start":{"line":121,"column":29},"end":{"line":121,"column":63}}},"8":{"name":"(anonymous_10)","decl":{"start":{"line":121,"column":40},"end":{"line":121,"column":43}},"loc":{"start":{"line":121,"column":46},"end":{"line":121,"column":53}}},"9":{"name":"(anonymous_11)","decl":{"start":{"line":128,"column":2},"end":{"line":128,"column":13}},"loc":{"start":{"line":128,"column":36},"end":{"line":130,"column":3}}}},"branchMap":{"0":{"loc":{"start":{"line":135,"column":4},"end":{"line":137,"column":5}},"type":"if","locations":[{"start":{"line":135,"column":4},"end":{"line":137,"column":5}}]},"1":{"loc":{"start":{"line":139,"column":4},"end":{"line":141,"column":5}},"type":"if","locations":[{"start":{"line":139,"column":4},"end":{"line":141,"column":5}}]},"2":{"loc":{"start":{"line":144,"column":4},"end":{"line":147,"column":5}},"type":"if","locations":[{"start":{"line":144,"column":4},"end":{"line":147,"column":5}}]},"3":{"loc":{"start":{"line":153,"column":4},"end":{"line":155,"column":5}},"type":"if","locations":[{"start":{"line":153,"column":4},"end":{"line":155,"column":5}}]},"4":{"loc":{"start":{"line":104,"column":57},"end":{"line":104,"column":72}},"type":"default-arg","locations":[{"start":{"line":104,"column":57},"end":{"line":104,"column":72}}]},"5":{"loc":{"start":{"line":107,"column":4},"end":{"line":109,"column":5}},"type":"if","locations":[{"start":{"line":107,"column":4},"end":{"line":109,"column":5}}]},"6":{"loc":{"start":{"line":115,"column":36},"end":{"line":115,"column":52}},"type":"binary-expr","locations":[{"start":{"line":115,"column":36},"end":{"line":115,"column":52}},{"start":{"line":115,"column":56},"end":{"line":115,"column":71}}]}},"s":{"0":1,"1":1,"2":1,"3":1,"4":1,"5":6,"6":6,"7":6,"8":6,"9":6,"10":6,"11":6,"12":6,"13":18,"14":18,"15":2,"16":16,"17":3,"18":13,"19":11,"20":11,"21":13,"22":13,"23":13,"24":2,"25":13,"26":13,"27":13,"28":6,"29":5,"30":5,"31":5,"32":6,"33":6,"34":8,"35":3,"36":3,"37":1,"38":2,"39":2,"40":1,"41":2,"42":2,"43":2,"44":1,"45":2,"46":2,"47":1,"48":1},"f":{"0":6,"1":18,"2":5,"3":8,"4":3,"5":2,"6":1,"7":2,"8":1,"9":1},"b":{"0":[2],"1":[3],"2":[11],"3":[2],"4":[1],"5":[1],"6":[1,1]}}
,"/Users/chrisle/code/prolink-connect/src/devices/utils.ts": {"path":"/Users/chrisle/code/prolink-connect/src/devices/utils.ts","statementMap":{"0":{"start":{"line":9,"column":0},"end":{"line":9,"column":16}},"1":{"start":{"line":1,"column":0},"end":{"line":1,"column":33}},"2":{"start":{"line":3,"column":0},"end":{"line":3,"column":45}},"3":{"start":{"line":10,"column":2},"end":{"line":12,"column":3}},"4":{"start":{"line":11,"column":4},"end":{"line":11,"column":75}},"5":{"start":{"line":14,"column":2},"end":{"line":16,"column":3}},"6":{"start":{"line":15,"column":4},"end":{"line":15,"column":16}},"7":{"start":{"line":18,"column":15},"end":{"line":21,"column":23}},"8":{"start":{"line":23,"column":25},"end":{"line":29,"column":4}},"9":{"start":{"line":31,"column":2},"end":{"line":31,"column":16}}},"fnMap":{"0":{"name":"deviceFromPacket","decl":{"start":{"line":9,"column":16},"end":{"line":9,"column":32}},"loc":{"start":{"line":9,"column":47},"end":{"line":32,"column":1}}}},"branchMap":{"0":{"loc":{"start":{"line":10,"column":2},"end":{"line":12,"column":3}},"type":"if","locations":[{"start":{"line":10,"column":2},"end":{"line":12,"column":3}}]},"1":{"loc":{"start":{"line":14,"column":2},"end":{"line":16,"column":3}},"type":"if","locations":[{"start":{"line":14,"column":2},"end":{"line":16,"column":3}}]}},"s":{"0":1,"1":1,"2":1,"3":3,"4":1,"5":2,"6":1,"7":1,"8":1,"9":1},"f":{"0":3},"b":{"0":[1],"1":[1]}}
,"/Users/chrisle/code/prolink-connect/src/mixstatus/index.ts": {"path":"/Users/chrisle/code/prolink-connect/src/mixstatus/index.ts","statementMap":{"0":{"start":{"line":3,"column":0},"end":{"line":3,"column":36}},"1":{"start":{"line":5,"column":0},"end":{"line":5,"column":61}},"2":{"start":{"line":6,"column":0},"end":{"line":6,"column":39}},"3":{"start":{"line":8,"column":0},"end":{"line":8,"column":46}},"4":{"start":{"line":51,"column":39},"end":{"line":57,"column":2}},"5":{"start":{"line":107,"column":2},"end":{"line":107,"column":41}},"6":{"start":{"line":111,"column":2},"end":{"line":111,"column":52}},"7":{"start":{"line":115,"column":2},"end":{"line":115,"column":47}},"8":{"start":{"line":120,"column":2},"end":{"line":120,"column":50}},"9":{"start":{"line":124,"column":2},"end":{"line":124,"column":37}},"10":{"start":{"line":128,"column":2},"end":{"line":128,"column":23}},"11":{"start":{"line":132,"column":2},"end":{"line":132,"column":32}},"12":{"start":{"line":136,"column":2},"end":{"line":136,"column":27}},"13":{"start":{"line":150,"column":2},"end":{"line":150,"column":68}},"14":{"start":{"line":151,"column":2},"end":{"line":151,"column":73}},"15":{"start":{"line":152,"column":2},"end":{"line":152,"column":65}},"16":{"start":{"line":158,"column":2},"end":{"line":159,"column":55}},"17":{"start":{"line":159,"column":4},"end":{"line":159,"column":54}},"18":{"start":{"line":165,"column":2},"end":{"line":188,"column":4}},"19":{"start":{"line":166,"column":23},"end":{"line":166,"column":28}},"20":{"start":{"line":168,"column":4},"end":{"line":170,"column":5}},"21":{"start":{"line":169,"column":6},"end":{"line":169,"column":13}},"22":{"start":{"line":172,"column":4},"end":{"line":174,"column":5}},"23":{"start":{"line":173,"column":6},"end":{"line":173,"column":13}},"24":{"start":{"line":176,"column":4},"end":{"line":179,"column":5}},"25":{"start":{"line":177,"column":6},"end":{"line":177,"column":31}},"26":{"start":{"line":178,"column":6},"end":{"line":178,"column":39}},"27":{"start":{"line":181,"column":4},"end":{"line":183,"column":5}},"28":{"start":{"line":182,"column":6},"end":{"line":182,"column":30}},"29":{"start":{"line":185,"column":4},"end":{"line":185,"column":36}},"30":{"start":{"line":187,"column":4},"end":{"line":187,"column":44}},"31":{"start":{"line":194,"column":2},"end":{"line":215,"column":4}},"32":{"start":{"line":195,"column":29},"end":{"line":204,"column":22}},"33":{"start":{"line":196,"column":39},"end":{"line":200,"column":8}},"34":{"start":{"line":201,"column":19},"end":{"line":201,"column":53}},"35":{"start":{"line":202,"column":19},"end":{"line":202,"column":48}},"36":{"start":{"line":203,"column":22},"end":{"line":203,"column":47}},"37":{"start":{"line":207,"column":4},"end":{"line":210,"column":5}},"38":{"start":{"line":208,"column":6},"end":{"line":208,"column":25}},"39":{"start":{"line":209,"column":6},"end":{"line":209,"column":13}},"40":{"start":{"line":213,"column":28},"end":{"line":213,"column":66}},"41":{"start":{"line":214,"column":4},"end":{"line":214,"column":41}},"42":{"start":{"line":217,"column":2},"end":{"line":224,"column":4}},"43":{"start":{"line":218,"column":4},"end":{"line":218,"column":44}},"44":{"start":{"line":219,"column":4},"end":{"line":219,"column":41}},"45":{"start":{"line":220,"column":4},"end":{"line":220,"column":39}},"46":{"start":{"line":222,"column":4},"end":{"line":222,"column":30}},"47":{"start":{"line":223,"column":4},"end":{"line":223,"column":46}},"48":{"start":{"line":226,"column":2},"end":{"line":257,"column":4}},"49":{"start":{"line":230,"column":4},"end":{"line":232,"column":5}},"50":{"start":{"line":231,"column":6},"end":{"line":231,"column":13}},"51":{"start":{"line":235,"column":4},"end":{"line":237,"column":5}},"52":{"start":{"line":235,"column":48},"end":{"line":235,"column":78}},"53":{"start":{"line":236,"column":6},"end":{"line":236,"column":13}},"54":{"start":{"line":239,"column":22},"end":{"line":248,"column":6}},"55":{"start":{"line":240,"column":25},"end":{"line":242,"column":null}},"56":{"start":{"line":241,"column":14},"end":{"line":241,"column":27}},"57":{"start":{"line":244,"column":6},"end":{"line":247,"column":8}},"58":{"start":{"line":245,"column":8},"end":{"line":245,"column":33}},"59":{"start":{"line":246,"column":8},"end":{"line":246,"column":23}},"60":{"start":{"line":250,"column":4},"end":{"line":250,"column":38}},"61":{"start":{"line":252,"column":4},"end":{"line":254,"column":5}},"62":{"start":{"line":253,"column":6},"end":{"line":253,"column":13}},"63":{"start":{"line":256,"column":4},"end":{"line":256,"column":35}},"64":{"start":{"line":264,"column":2},"end":{"line":274,"column":4}},"65":{"start":{"line":265,"column":32},"end":{"line":267,"column":75}},"66":{"start":{"line":266,"column":28},"end":{"line":266,"column":66}},"67":{"start":{"line":267,"column":26},"end":{"line":267,"column":74}},"68":{"start":{"line":269,"column":4},"end":{"line":271,"column":5}},"69":{"start":{"line":270,"column":6},"end":{"line":270,"column":13}},"70":{"start":{"line":273,"column":4},"end":{"line":273,"column":31}},"71":{"start":{"line":281,"column":2},"end":{"line":283,"column":4}},"72":{"start":{"line":282,"column":4},"end":{"line":282,"column":53}},"73":{"start":{"line":289,"column":2},"end":{"line":325,"column":4}},"74":{"start":{"line":290,"column":23},"end":{"line":290,"column":28}},"75":{"start":{"line":293,"column":6},"end":{"line":293,"column":73}},"76":{"start":{"line":295,"column":23},"end":{"line":295,"column":39}},"77":{"start":{"line":296,"column":23},"end":{"line":296,"column":43}},"78":{"start":{"line":298,"column":25},"end":{"line":298,"column":50}},"79":{"start":{"line":302,"column":4},"end":{"line":305,"column":5}},"80":{"start":{"line":303,"column":6},"end":{"line":303,"column":46}},"81":{"start":{"line":304,"column":6},"end":{"line":304,"column":13}},"82":{"start":{"line":307,"column":4},"end":{"line":309,"column":5}},"83":{"start":{"line":308,"column":6},"end":{"line":308,"column":33}},"84":{"start":{"line":311,"column":4},"end":{"line":315,"column":5}},"85":{"start":{"line":312,"column":6},"end":{"line":312,"column":52}},"86":{"start":{"line":313,"column":6},"end":{"line":313,"column":36}},"87":{"start":{"line":314,"column":6},"end":{"line":314,"column":13}},"88":{"start":{"line":317,"column":4},"end":{"line":320,"column":5}},"89":{"start":{"line":318,"column":6},"end":{"line":318,"column":37}},"90":{"start":{"line":319,"column":6},"end":{"line":319,"column":13}},"91":{"start":{"line":322,"column":4},"end":{"line":324,"column":5}},"92":{"start":{"line":323,"column":6},"end":{"line":323,"column":33}},"93":{"start":{"line":327,"column":2},"end":{"line":344,"column":4}},"94":{"start":{"line":328,"column":23},"end":{"line":328,"column":28}},"95":{"start":{"line":331,"column":4},"end":{"line":331,"column":34}},"96":{"start":{"line":333,"column":4},"end":{"line":335,"column":5}},"97":{"start":{"line":334,"column":6},"end":{"line":334,"column":13}},"98":{"start":{"line":337,"column":4},"end":{"line":340,"column":5}},"99":{"start":{"line":338,"column":6},"end":{"line":338,"column":33}},"100":{"start":{"line":339,"column":6},"end":{"line":339,"column":13}},"101":{"start":{"line":343,"column":4},"end":{"line":343,"column":44}},"102":{"start":{"line":139,"column":4},"end":{"line":139,"column":49}},"103":{"start":{"line":146,"column":4},"end":{"line":146,"column":48}},"104":{"start":{"line":350,"column":34},"end":{"line":350,"column":39}},"105":{"start":{"line":352,"column":22},"end":{"line":352,"column":51}},"106":{"start":{"line":353,"column":4},"end":{"line":353,"column":41}},"107":{"start":{"line":358,"column":4},"end":{"line":362,"column":5}},"108":{"start":{"line":359,"column":6},"end":{"line":359,"column":52}},"109":{"start":{"line":360,"column":6},"end":{"line":360,"column":36}},"110":{"start":{"line":361,"column":6},"end":{"line":361,"column":13}},"111":{"start":{"line":365,"column":4},"end":{"line":367,"column":5}},"112":{"start":{"line":366,"column":6},"end":{"line":366,"column":52}},"113":{"start":{"line":369,"column":4},"end":{"line":371,"column":5}},"114":{"start":{"line":370,"column":6},"end":{"line":370,"column":37}},"115":{"start":{"line":374,"column":4},"end":{"line":381,"column":5}},"116":{"start":{"line":379,"column":6},"end":{"line":379,"column":33}},"117":{"start":{"line":380,"column":6},"end":{"line":380,"column":13}},"118":{"start":{"line":385,"column":22},"end":{"line":385,"column":55}},"119":{"start":{"line":387,"column":6},"end":{"line":389,"column":10}},"120":{"start":{"line":391,"column":4},"end":{"line":397,"column":5}},"121":{"start":{"line":396,"column":6},"end":{"line":396,"column":33}},"122":{"start":{"line":401,"column":22},"end":{"line":401,"column":58}},"123":{"start":{"line":403,"column":6},"end":{"line":405,"column":10}},"124":{"start":{"line":407,"column":4},"end":{"line":409,"column":5}},"125":{"start":{"line":408,"column":6},"end":{"line":408,"column":37}},"126":{"start":{"line":417,"column":4},"end":{"line":417,"column":30}},"127":{"start":{"line":103,"column":0},"end":{"line":103,"column":13}}},"fnMap":{"0":{"name":"(anonymous_2)","decl":{"start":{"line":138,"column":2},"end":{"line":138,"column":14}},"loc":{"start":{"line":138,"column":47},"end":{"line":140,"column":3}}},"1":{"name":"(anonymous_3)","decl":{"start":{"line":158,"column":11},"end":{"line":158,"column":12}},"loc":{"start":{"line":159,"column":4},"end":{"line":159,"column":54}}},"2":{"name":"(anonymous_4)","decl":{"start":{"line":165,"column":19},"end":{"line":165,"column":20}},"loc":{"start":{"line":165,"column":46},"end":{"line":188,"column":3}}},"3":{"name":"(anonymous_5)","decl":{"start":{"line":194,"column":23},"end":{"line":194,"column":26}},"loc":{"start":{"line":194,"column":28},"end":{"line":215,"column":3}}},"4":{"name":"(anonymous_6)","decl":{"start":{"line":196,"column":11},"end":{"line":196,"column":12}},"loc":{"start":{"line":196,"column":39},"end":{"line":200,"column":8}}},"5":{"name":"(anonymous_7)","decl":{"start":{"line":201,"column":14},"end":{"line":201,"column":15}},"loc":{"start":{"line":201,"column":19},"end":{"line":201,"column":53}}},"6":{"name":"(anonymous_8)","decl":{"start":{"line":202,"column":14},"end":{"line":202,"column":15}},"loc":{"start":{"line":202,"column":19},"end":{"line":202,"column":48}}},"7":{"name":"(anonymous_9)","decl":{"start":{"line":203,"column":12},"end":{"line":203,"column":13}},"loc":{"start":{"line":203,"column":22},"end":{"line":203,"column":47}}},"8":{"name":"(anonymous_10)","decl":{"start":{"line":217,"column":23},"end":{"line":217,"column":24}},"loc":{"start":{"line":217,"column":55},"end":{"line":224,"column":3}}},"9":{"name":"(anonymous_11)","decl":{"start":{"line":226,"column":16},"end":{"line":226,"column":21}},"loc":{"start":{"line":226,"column":27},"end":{"line":257,"column":3}}},"10":{"name":"(anonymous_12)","decl":{"start":{"line":235,"column":43},"end":{"line":235,"column":44}},"loc":{"start":{"line":235,"column":48},"end":{"line":235,"column":78}}},"11":{"name":"(anonymous_13)","decl":{"start":{"line":239,"column":49},"end":{"line":239,"column":56}},"loc":{"start":{"line":239,"column":59},"end":{"line":248,"column":5}}},"12":{"name":"(anonymous_14)","decl":{"start":{"line":241,"column":8},"end":{"line":241,"column":11}},"loc":{"start":{"line":241,"column":14},"end":{"line":241,"column":27}}},"13":{"name":"(anonymous_15)","decl":{"start":{"line":244,"column":30},"end":{"line":244,"column":33}},"loc":{"start":{"line":244,"column":35},"end":{"line":247,"column":7}}},"14":{"name":"(anonymous_16)","decl":{"start":{"line":264,"column":22},"end":{"line":264,"column":23}},"loc":{"start":{"line":264,"column":49},"end":{"line":274,"column":3}}},"15":{"name":"(anonymous_17)","decl":{"start":{"line":266,"column":14},"end":{"line":266,"column":24}},"loc":{"start":{"line":266,"column":28},"end":{"line":266,"column":66}}},"16":{"name":"(anonymous_18)","decl":{"start":{"line":267,"column":12},"end":{"line":267,"column":22}},"loc":{"start":{"line":267,"column":26},"end":{"line":267,"column":74}}},"17":{"name":"(anonymous_19)","decl":{"start":{"line":281,"column":19},"end":{"line":281,"column":20}},"loc":{"start":{"line":281,"column":51},"end":{"line":283,"column":3}}},"18":{"name":"(anonymous_20)","decl":{"start":{"line":289,"column":27},"end":{"line":289,"column":28}},"loc":{"start":{"line":289,"column":82},"end":{"line":325,"column":3}}},"19":{"name":"(anonymous_21)","decl":{"start":{"line":327,"column":23},"end":{"line":327,"column":24}},"loc":{"start":{"line":327,"column":50},"end":{"line":344,"column":3}}},"20":{"name":"(anonymous_22)","decl":{"start":{"line":145,"column":2},"end":{"line":145,"column":11}},"loc":{"start":{"line":145,"column":45},"end":{"line":147,"column":3}}},"21":{"name":"(anonymous_23)","decl":{"start":{"line":349,"column":2},"end":{"line":349,"column":13}},"loc":{"start":{"line":349,"column":36},"end":{"line":410,"column":3}}},"22":{"name":"(anonymous_24)","decl":{"start":{"line":416,"column":2},"end":{"line":416,"column":18}},"loc":{"start":{"line":416,"column":18},"end":{"line":418,"column":3}}}},"branchMap":{"0":{"loc":{"start":{"line":159,"column":34},"end":{"line":159,"column":47}},"type":"cond-expr","locations":[{"start":{"line":159,"column":34},"end":{"line":159,"column":47}},{"start":{"line":159,"column":50},"end":{"line":159,"column":54}}]},"1":{"loc":{"start":{"line":168,"column":4},"end":{"line":170,"column":5}},"type":"if","locations":[{"start":{"line":168,"column":4},"end":{"line":170,"column":5}}]},"2":{"loc":{"start":{"line":168,"column":8},"end":{"line":168,"column":27}},"type":"binary-expr","locations":[{"start":{"line":168,"column":8},"end":{"line":168,"column":27}},{"start":{"line":168,"column":31},"end":{"line":168,"column":48}}]},"3":{"loc":{"start":{"line":172,"column":4},"end":{"line":174,"column":5}},"type":"if","locations":[{"start":{"line":172,"column":4},"end":{"line":174,"column":5}}]},"4":{"loc":{"start":{"line":176,"column":4},"end":{"line":179,"column":5}},"type":"if","locations":[{"start":{"line":176,"column":4},"end":{"line":179,"column":5}}]},"5":{"loc":{"start":{"line":181,"column":4},"end":{"line":183,"column":5}},"type":"if","locations":[{"start":{"line":181,"column":4},"end":{"line":183,"column":5}}]},"6":{"loc":{"start":{"line":204,"column":12},"end":{"line":204,"column":14}},"type":"cond-expr","locations":[{"start":{"line":204,"column":12},"end":{"line":204,"column":14}},{"start":{"line":204,"column":12},"end":{"line":204,"column":22}}]},"7":{"loc":{"start":{"line":195,"column":29},"end":{"line":204,"column":14}},"type":"binary-expr","locations":[{"start":{"line":195,"column":29},"end":{"line":204,"column":14}},{"start":{"line":204,"column":12},"end":{"line":204,"column":14}}]},"8":{"loc":{"start":{"line":202,"column":19},"end":{"line":202,"column":26}},"type":"binary-expr","locations":[{"start":{"line":202,"column":19},"end":{"line":202,"column":26}},{"start":{"line":202,"column":30},"end":{"line":202,"column":48}}]},"9":{"loc":{"start":{"line":207,"column":4},"end":{"line":210,"column":5}},"type":"if","locations":[{"start":{"line":207,"column":4},"end":{"line":210,"column":5}}]},"10":{"loc":{"start":{"line":230,"column":4},"end":{"line":232,"column":5}},"type":"if","locations":[{"start":{"line":230,"column":4},"end":{"line":232,"column":5}}]},"11":{"loc":{"start":{"line":235,"column":4},"end":{"line":237,"column":5}},"type":"if","locations":[{"start":{"line":235,"column":4},"end":{"line":237,"column":5}}]},"12":{"loc":{"start":{"line":235,"column":48},"end":{"line":235,"column":60}},"type":"binary-expr","locations":[{"start":{"line":235,"column":48},"end":{"line":235,"column":60}},{"start":{"line":235,"column":64},"end":{"line":235,"column":78}}]},"13":{"loc":{"start":{"line":252,"column":4},"end":{"line":254,"column":5}},"type":"if","locations":[{"start":{"line":252,"column":4},"end":{"line":254,"column":5}}]},"14":{"loc":{"start":{"line":252,"column":8},"end":{"line":252,"column":18}},"type":"binary-expr","locations":[{"start":{"line":252,"column":8},"end":{"line":252,"column":18}},{"start":{"line":252,"column":22},"end":{"line":252,"column":40}}]},"15":{"loc":{"start":{"line":267,"column":26},"end":{"line":267,"column":49}},"type":"binary-expr","locations":[{"start":{"line":267,"column":26},"end":{"line":267,"column":49}},{"start":{"line":267,"column":53},"end":{"line":267,"column":74}}]},"16":{"loc":{"start":{"line":269,"column":4},"end":{"line":271,"column":5}},"type":"if","locations":[{"start":{"line":269,"column":4},"end":{"line":271,"column":5}}]},"17":{"loc":{"start":{"line":293,"column":6},"end":{"line":293,"column":55}},"type":"binary-expr","locations":[{"start":{"line":293,"column":6},"end":{"line":293,"column":55}},{"start":{"line":293,"column":59},"end":{"line":293,"column":73}}]},"18":{"loc":{"start":{"line":298,"column":25},"end":{"line":298,"column":35}},"type":"binary-expr","locations":[{"start":{"line":298,"column":25},"end":{"line":298,"column":35}},{"start":{"line":298,"column":39},"end":{"line":298,"column":50}}]},"19":{"loc":{"start":{"line":302,"column":4},"end":{"line":305,"column":5}},"type":"if","locations":[{"start":{"line":302,"column":4},"end":{"line":305,"column":5}}]},"20":{"loc":{"start":{"line":302,"column":8},"end":{"line":302,"column":44}},"type":"binary-expr","locations":[{"start":{"line":302,"column":8},"end":{"line":302,"column":44}},{"start":{"line":302,"column":48},"end":{"line":302,"column":58}},{"start":{"line":302,"column":62},"end":{"line":302,"column":80}}]},"21":{"loc":{"start":{"line":307,"column":4},"end":{"line":309,"column":5}},"type":"if","locations":[{"start":{"line":307,"column":4},"end":{"line":309,"column":5}}]},"22":{"loc":{"start":{"line":307,"column":8},"end":{"line":307,"column":20}},"type":"binary-expr","locations":[{"start":{"line":307,"column":8},"end":{"line":307,"column":20}},{"start":{"line":307,"column":24},"end":{"line":307,"column":41}}]},"23":{"loc":{"start":{"line":311,"column":4},"end":{"line":315,"column":5}},"type":"if","locations":[{"start":{"line":311,"column":4},"end":{"line":315,"column":5}}]},"24":{"loc":{"start":{"line":317,"column":4},"end":{"line":320,"column":5}},"type":"if","locations":[{"start":{"line":317,"column":4},"end":{"line":320,"column":5}}]},"25":{"loc":{"start":{"line":317,"column":8},"end":{"line":317,"column":18}},"type":"binary-expr","locations":[{"start":{"line":317,"column":8},"end":{"line":317,"column":18}},{"start":{"line":317,"column":22},"end":{"line":317,"column":39}}]},"26":{"loc":{"start":{"line":322,"column":4},"end":{"line":324,"column":5}},"type":"if","locations":[{"start":{"line":322,"column":4},"end":{"line":324,"column":5}}]},"27":{"loc":{"start":{"line":322,"column":8},"end":{"line":322,"column":18}},"type":"binary-expr","locations":[{"start":{"line":322,"column":8},"end":{"line":322,"column":18}},{"start":{"line":322,"column":22},"end":{"line":322,"column":33}}]},"28":{"loc":{"start":{"line":333,"column":4},"end":{"line":335,"column":5}},"type":"if","locations":[{"start":{"line":333,"column":4},"end":{"line":335,"column":5}}]},"29":{"loc":{"start":{"line":337,"column":4},"end":{"line":340,"column":5}},"type":"if","locations":[{"start":{"line":337,"column":4},"end":{"line":340,"column":5}}]},"30":{"loc":{"start":{"line":358,"column":4},"end":{"line":362,"column":5}},"type":"if","locations":[{"start":{"line":358,"column":4},"end":{"line":362,"column":5}}]},"31":{"loc":{"start":{"line":358,"column":8},"end":{"line":358,"column":31}},"type":"binary-expr","locations":[{"start":{"line":358,"column":8},"end":{"line":358,"column":31}},{"start":{"line":358,"column":35},"end":{"line":358,"column":53}},{"start":{"line":358,"column":57},"end":{"line":358,"column":73}}]},"32":{"loc":{"start":{"line":365,"column":4},"end":{"line":367,"column":5}},"type":"if","locations":[{"start":{"line":365,"column":4},"end":{"line":367,"column":5}}]},"33":{"loc":{"start":{"line":365,"column":8},"end":{"line":365,"column":17}},"type":"binary-expr","locations":[{"start":{"line":365,"column":8},"end":{"line":365,"column":17}},{"start":{"line":365,"column":21},"end":{"line":365,"column":54}}]},"34":{"loc":{"start":{"line":369,"column":4},"end":{"line":371,"column":5}},"type":"if","locations":[{"start":{"line":369,"column":4},"end":{"line":371,"column":5}}]},"35":{"loc":{"start":{"line":369,"column":8},"end":{"line":369,"column":17}},"type":"binary-expr","locations":[{"start":{"line":369,"column":8},"end":{"line":369,"column":17}},{"start":{"line":369,"column":21},"end":{"line":369,"column":66}}]},"36":{"loc":{"start":{"line":374,"column":4},"end":{"line":381,"column":5}},"type":"if","locations":[{"start":{"line":374,"column":4},"end":{"line":381,"column":5}}]},"37":{"loc":{"start":{"line":375,"column":6},"end":{"line":375,"column":55}},"type":"binary-expr","locations":[{"start":{"line":375,"column":6},"end":{"line":375,"column":55}},{"start":{"line":376,"column":6},"end":{"line":376,"column":35}},{"start":{"line":377,"column":6},"end":{"line":377,"column":20}}]},"38":{"loc":{"start":{"line":376,"column":15},"end":{"line":376,"column":17}},"type":"cond-expr","locations":[{"start":{"line":376,"column":15},"end":{"line":376,"column":17}},{"start":{"line":376,"column":6},"end":{"line":376,"column":25}}]},"39":{"loc":{"start":{"line":376,"column":6},"end":{"line":376,"column":17}},"type":"binary-expr","locations":[{"start":{"line":376,"column":6},"end":{"line":376,"column":17}},{"start":{"line":376,"column":6},"end":{"line":376,"column":17}}]},"40":{"loc":{"start":{"line":391,"column":4},"end":{"line":397,"column":5}},"type":"if","locations":[{"start":{"line":391,"column":4},"end":{"line":397,"column":5}}]},"41":{"loc":{"start":{"line":392,"column":6},"end":{"line":392,"column":53}},"type":"binary-expr","locations":[{"start":{"line":392,"column":6},"end":{"line":392,"column":53}},{"start":{"line":393,"column":6},"end":{"line":393,"column":29}},{"start":{"line":394,"column":6},"end":{"line":394,"column":48}}]},"42":{"loc":{"start":{"line":407,"column":4},"end":{"line":409,"column":5}},"type":"if","locations":[{"start":{"line":407,"column":4},"end":{"line":409,"column":5}}]},"43":{"loc":{"start":{"line":407,"column":8},"end":{"line":407,"column":31}},"type":"binary-expr","locations":[{"start":{"line":407,"column":8},"end":{"line":407,"column":31}},{"start":{"line":407,"column":35},"end":{"line":407,"column":77}}]}},"s":{"0":1,"1":1,"2":1,"3":1,"4":1,"5":25,"6":25,"7":25,"8":25,"9":25,"10":25,"11":25,"12":25,"13":25,"14":25,"15":25,"16":25,"17":283,"18":25,"19":45,"20":45,"21":6,"22":39,"23":0,"24":39,"25":23,"26":23,"27":39,"28":0,"29":39,"30":39,"31":25,"32":15,"33":13,"34":13,"35":12,"36":1,"37":15,"38":4,"39":4,"40":11,"41":11,"42":25,"43":15,"44":15,"45":15,"46":15,"47":15,"48":25,"49":4,"50":0,"51":4,"52":6,"53":1,"54":3,"55":3,"56":3,"57":3,"58":0,"59":0,"60":3,"61":3,"62":0,"63":3,"64":25,"65":63,"66":105,"67":40,"68":63,"69":38,"70":25,"71":25,"72":5,"73":25,"74":40,"75":40,"76":40,"77":40,"78":40,"79":40,"80":1,"81":1,"82":39,"83":1,"84":39,"85":24,"86":24,"87":24,"88":15,"89":13,"90":13,"91":2,"92":2,"93":25,"94":18,"95":18,"96":18,"97":13,"98":5,"99":3,"100":3,"101":2,"102":25,"103":5,"104":118,"105":118,"106":118,"107":118,"108":21,"109":21,"110":21,"111":97,"112":40,"113":97,"114":18,"115":97,"116":2,"117":2,"118":95,"119":95,"120":95,"121":6,"122":95,"123":95,"124":95,"125":2,"126":0,"127":1},"f":{"0":25,"1":283,"2":45,"3":15,"4":13,"5":13,"6":12,"7":1,"8":15,"9":4,"10":6,"11":3,"12":3,"13":0,"14":63,"15":105,"16":40,"17":5,"18":40,"19":18,"20":5,"21":118,"22":0},"b":{"0":[247,36],"1":[6],"2":[45,41],"3":[0],"4":[23],"5":[0],"6":[4,11],"7":[15,15],"8":[12,12],"9":[4],"10":[0],"11":[1],"12":[6,1],"13":[0],"14":[3,3],"15":[40,40],"16":[38],"17":[40,4],"18":[40,25],"19":[1],"20":[40,2,1],"21":[1],"22":[39,24],"23":[24],"24":[13],"25":[15,15],"26":[2],"27":[2,2],"28":[13],"29":[3],"30":[21],"31":[118,45,27],"32":[40],"33":[97,73],"34":[18],"35":[97,73],"36":[2],"37":[97,11,8],"38":[2,9],"39":[11,11],"40":[6],"41":[95,77,43],"42":[2],"43":[95,7]}}
,"/Users/chrisle/code/prolink-connect/src/mixstatus/utils.ts": {"path":"/Users/chrisle/code/prolink-connect/src/mixstatus/utils.ts","statementMap":{"0":{"start":{"line":1,"column":0},"end":{"line":1,"column":36}},"1":{"start":{"line":3,"column":22},"end":{"line":3,"column":80}},"2":{"start":{"line":5,"column":23},"end":{"line":9,"column":2}},"3":{"start":{"line":14,"column":25},"end":{"line":14,"column":84}},"4":{"start":{"line":14,"column":49},"end":{"line":14,"column":84}},"5":{"start":{"line":14,"column":13},"end":{"line":14,"column":25}},"6":{"start":{"line":19,"column":26},"end":{"line":19,"column":86}},"7":{"start":{"line":19,"column":50},"end":{"line":19,"column":86}},"8":{"start":{"line":19,"column":13},"end":{"line":19,"column":26}}},"fnMap":{"0":{"name":"(anonymous_0)","decl":{"start":{"line":14,"column":25},"end":{"line":14,"column":26}},"loc":{"start":{"line":14,"column":49},"end":{"line":14,"column":84}}},"1":{"name":"(anonymous_1)","decl":{"start":{"line":19,"column":26},"end":{"line":19,"column":27}},"loc":{"start":{"line":19,"column":50},"end":{"line":19,"column":86}}}},"branchMap":{},"s":{"0":1,"1":1,"2":1,"3":1,"4":206,"5":1,"6":1,"7":15,"8":1},"f":{"0":206,"1":15},"b":{}}
,"/Users/chrisle/code/prolink-connect/src/remotedb/fields.ts": {"path":"/Users/chrisle/code/prolink-connect/src/remotedb/fields.ts","statementMap":{"0":{"start":{"line":221,"column":0},"end":{"line":221,"column":7}},"1":{"start":{"line":3,"column":18},"end":{"line":3,"column":22}},"2":{"start":{"line":8,"column":0},"end":{"line":8,"column":null}},"3":{"start":{"line":9,"column":2},"end":{"line":9,"column":null}},"4":{"start":{"line":10,"column":2},"end":{"line":10,"column":null}},"5":{"start":{"line":11,"column":2},"end":{"line":11,"column":null}},"6":{"start":{"line":12,"column":2},"end":{"line":12,"column":null}},"7":{"start":{"line":13,"column":2},"end":{"line":13,"column":null}},"8":{"start":{"line":16,"column":0},"end":{"line":16,"column":22}},"9":{"start":{"line":72,"column":22},"end":{"line":73,"column":null}},"10":{"start":{"line":73,"column":37},"end":{"line":73,"column":49}},"11":{"start":{"line":76,"column":25},"end":{"line":80,"column":11}},"12":{"start":{"line":83,"column":35},"end":{"line":83,"column":57}},"13":{"start":{"line":84,"column":15},"end":{"line":84,"column":34}},"14":{"start":{"line":86,"column":2},"end":{"line":89,"column":3}},"15":{"start":{"line":87,"column":4},"end":{"line":87,"column":25}},"16":{"start":{"line":88,"column":4},"end":{"line":88,"column":25}},"17":{"start":{"line":91,"column":2},"end":{"line":91,"column":34}},"18":{"start":{"line":96,"column":15},"end":{"line":96,"column":53}},"19":{"start":{"line":97,"column":2},"end":{"line":97,"column":24}},"20":{"start":{"line":98,"column":2},"end":{"line":98,"column":61}},"21":{"start":{"line":100,"column":2},"end":{"line":100,"column":29}},"22":{"start":{"line":102,"column":2},"end":{"line":102,"column":14}},"23":{"start":{"line":105,"column":24},"end":{"line":128,"column":1}},"24":{"start":{"line":106,"column":14},"end":{"line":122,"column":4}},"25":{"start":{"line":113,"column":6},"end":{"line":113,"column":14}},"26":{"start":{"line":114,"column":29},"end":{"line":114,"column":53}},"27":{"start":{"line":115,"column":6},"end":{"line":115,"column":23}},"28":{"start":{"line":116,"column":6},"end":{"line":116,"column":26}},"29":{"start":{"line":120,"column":6},"end":{"line":120,"column":47}},"30":{"start":{"line":125,"column":2},"end":{"line":125,"column":70}},"31":{"start":{"line":127,"column":2},"end":{"line":127,"column":16}},"32":{"start":{"line":133,"column":13},"end":{"line":133,"column":54}},"33":{"start":{"line":138,"column":13},"end":{"line":138,"column":56}},"34":{"start":{"line":143,"column":13},"end":{"line":143,"column":56}},"35":{"start":{"line":158,"column":4},"end":{"line":158,"column":12}},"36":{"start":{"line":159,"column":4},"end":{"line":163,"column":5}},"37":{"start":{"line":160,"column":6},"end":{"line":160,"column":25}},"38":{"start":{"line":161,"column":6},"end":{"line":161,"column":69}},"39":{"start":{"line":162,"column":6},"end":{"line":162,"column":13}},"40":{"start":{"line":166,"column":4},"end":{"line":166,"column":78}},"41":{"start":{"line":167,"column":4},"end":{"line":167,"column":22}},"42":{"start":{"line":171,"column":4},"end":{"line":171,"column":81}},"43":{"start":{"line":148,"column":0},"end":{"line":148,"column":13}},"44":{"start":{"line":149,"column":9},"end":{"line":149,"column":42}},"45":{"start":{"line":153,"column":9},"end":{"line":153,"column":54}},"46":{"start":{"line":153,"column":43},"end":{"line":153,"column":53}},"47":{"start":{"line":185,"column":4},"end":{"line":185,"column":12}},"48":{"start":{"line":186,"column":4},"end":{"line":186,"column":35}},"49":{"start":{"line":190,"column":4},"end":{"line":190,"column":59}},"50":{"start":{"line":178,"column":0},"end":{"line":178,"column":13}},"51":{"start":{"line":179,"column":9},"end":{"line":179,"column":42}},"52":{"start":{"line":180,"column":9},"end":{"line":180,"column":48}},"53":{"start":{"line":180,"column":42},"end":{"line":180,"column":47}},"54":{"start":{"line":194,"column":17},"end":{"line":200,"column":11}},"55":{"start":{"line":209,"column":15},"end":{"line":209,"column":39}},"56":{"start":{"line":211,"column":2},"end":{"line":213,"column":3}},"57":{"start":{"line":212,"column":4},"end":{"line":212,"column":16}},"58":{"start":{"line":215,"column":2},"end":{"line":215,"column":54}},"59":{"start":{"line":225,"column":19},"end":{"line":225,"column":40}},"60":{"start":{"line":226,"column":16},"end":{"line":226,"column":50}},"61":{"start":{"line":228,"column":2},"end":{"line":230,"column":3}},"62":{"start":{"line":229,"column":4},"end":{"line":229,"column":79}},"63":{"start":{"line":234,"column":2},"end":{"line":241,"column":3}},"64":{"start":{"line":235,"column":4},"end":{"line":235,"column":38}},"65":{"start":{"line":239,"column":23},"end":{"line":239,"column":44}},"66":{"start":{"line":240,"column":4},"end":{"line":240,"column":65}},"67":{"start":{"line":243,"column":15},"end":{"line":243,"column":88}},"68":{"start":{"line":245,"column":2},"end":{"line":245,"column":30}}},"fnMap":{"0":{"name":"(anonymous_1)","decl":{"start":{"line":8,"column":0},"end":{"line":8,"column":12}},"loc":{"start":{"line":8,"column":21},"end":{"line":14,"column":1}}},"1":{"name":"(anonymous_2)","decl":{"start":{"line":73,"column":32},"end":{"line":73,"column":33}},"loc":{"start":{"line":73,"column":37},"end":{"line":73,"column":49}}},"2":{"name":"parseNumber","decl":{"start":{"line":82,"column":9},"end":{"line":82,"column":20}},"loc":{"start":{"line":82,"column":66},"end":{"line":92,"column":1}}},"3":{"name":"makeVariableBuffer","decl":{"start":{"line":94,"column":9},"end":{"line":94,"column":27}},"loc":{"start":{"line":94,"column":85},"end":{"line":103,"column":1}}},"4":{"name":"(anonymous_5)","decl":{"start":{"line":105,"column":24},"end":{"line":105,"column":25}},"loc":{"start":{"line":105,"column":50},"end":{"line":128,"column":1}}},"5":{"name":"(anonymous_6)","decl":{"start":{"line":112,"column":4},"end":{"line":112,"column":16}},"loc":{"start":{"line":112,"column":38},"end":{"line":117,"column":5}}},"6":{"name":"(anonymous_7)","decl":{"start":{"line":119,"column":4},"end":{"line":119,"column":8}},"loc":{"start":{"line":119,"column":14},"end":{"line":121,"column":5}}},"7":{"name":"(anonymous_8)","decl":{"start":{"line":157,"column":2},"end":{"line":157,"column":14}},"loc":{"start":{"line":157,"column":36},"end":{"line":168,"column":3}}},"8":{"name":"(anonymous_9)","decl":{"start":{"line":170,"column":2},"end":{"line":170,"column":6}},"loc":{"start":{"line":170,"column":12},"end":{"line":172,"column":3}}},"9":{"name":"(anonymous_10)","decl":{"start":{"line":153,"column":23},"end":{"line":153,"column":24}},"loc":{"start":{"line":153,"column":43},"end":{"line":153,"column":53}}},"10":{"name":"(anonymous_11)","decl":{"start":{"line":184,"column":2},"end":{"line":184,"column":14}},"loc":{"start":{"line":184,"column":27},"end":{"line":187,"column":3}}},"11":{"name":"(anonymous_12)","decl":{"start":{"line":189,"column":2},"end":{"line":189,"column":6}},"loc":{"start":{"line":189,"column":12},"end":{"line":191,"column":3}}},"12":{"name":"(anonymous_13)","decl":{"start":{"line":180,"column":23},"end":{"line":180,"column":24}},"loc":{"start":{"line":180,"column":42},"end":{"line":180,"column":47}}},"13":{"name":"read","decl":{"start":{"line":208,"column":15},"end":{"line":208,"column":19}},"loc":{"start":{"line":208,"column":63},"end":{"line":216,"column":1}}},"14":{"name":"readField","decl":{"start":{"line":221,"column":22},"end":{"line":221,"column":31}},"loc":{"start":{"line":224,"column":41},"end":{"line":246,"column":1}}}},"branchMap":{"0":{"loc":{"start":{"line":8,"column":12},"end":{"line":8,"column":21}},"type":"binary-expr","locations":[{"start":{"line":8,"column":12},"end":{"line":8,"column":21}},{"start":{"line":8,"column":21},"end":{"line":8,"column":null}}]},"1":{"loc":{"start":{"line":86,"column":2},"end":{"line":89,"column":3}},"type":"if","locations":[{"start":{"line":86,"column":2},"end":{"line":89,"column":3}}]},"2":{"loc":{"start":{"line":98,"column":21},"end":{"line":98,"column":33}},"type":"cond-expr","locations":[{"start":{"line":98,"column":21},"end":{"line":98,"column":33}},{"start":{"line":98,"column":37},"end":{"line":98,"column":53}}]},"3":{"loc":{"start":{"line":98,"column":21},"end":{"line":98,"column":37}},"type":"binary-expr","locations":[{"start":{"line":98,"column":21},"end":{"line":98,"column":37}},{"start":{"line":98,"column":21},"end":{"line":98,"column":37}}]},"4":{"loc":{"start":{"line":159,"column":4},"end":{"line":163,"column":5}},"type":"if","locations":[{"start":{"line":159,"column":4},"end":{"line":163,"column":5}}]},"5":{"loc":{"start":{"line":211,"column":2},"end":{"line":213,"column":3}},"type":"if","locations":[{"start":{"line":211,"column":2},"end":{"line":213,"column":3}}]},"6":{"loc":{"start":{"line":228,"column":2},"end":{"line":230,"column":3}},"type":"if","locations":[{"start":{"line":228,"column":2},"end":{"line":230,"column":3}}]},"7":{"loc":{"start":{"line":234,"column":2},"end":{"line":241,"column":3}},"type":"if","locations":[{"start":{"line":234,"column":2},"end":{"line":241,"column":3}},{"start":{"line":236,"column":9},"end":{"line":241,"column":3}}]},"8":{"loc":{"start":{"line":243,"column":37},"end":{"line":243,"column":52}},"type":"cond-expr","locations":[{"start":{"line":243,"column":37},"end":{"line":243,"column":52}},{"start":{"line":243,"column":55},"end":{"line":243,"column":88}}]}},"s":{"0":1,"1":1,"2":1,"3":1,"4":1,"5":1,"6":1,"7":1,"8":1,"9":1,"10":10,"11":1,"12":7,"13":7,"14":7,"15":3,"16":3,"17":4,"18":6,"19":6,"20":6,"21":6,"22":6,"23":1,"24":3,"25":7,"26":7,"27":7,"28":7,"29":12,"30":3,"31":3,"32":1,"33":1,"34":1,"35":2,"36":2,"37":1,"38":1,"39":1,"40":1,"41":1,"42":4,"43":1,"44":1,"45":1,"46":0,"47":3,"48":3,"49":2,"50":1,"51":1,"52":1,"53":2,"54":1,"55":8,"56":8,"57":8,"58":0,"59":4,"60":4,"61":4,"62":1,"63":3,"64":1,"65":2,"66":2,"67":3,"68":3},"f":{"0":1,"1":10,"2":7,"3":6,"4":3,"5":7,"6":12,"7":2,"8":4,"9":0,"10":3,"11":2,"12":2,"13":8,"14":4},"b":{"0":[1,1],"1":[3],"2":[4,2],"3":[6,6],"4":[1],"5":[8],"6":[1],"7":[1,2],"8":[1,2]}}
,"/Users/chrisle/code/prolink-connect/src/status/types.ts": {"path":"/Users/chrisle/code/prolink-connect/src/status/types.ts","statementMap":{"0":{"start":{"line":6,"column":0},"end":{"line":6,"column":null}},"1":{"start":{"line":7,"column":2},"end":{"line":7,"column":null}},"2":{"start":{"line":8,"column":2},"end":{"line":8,"column":null}},"3":{"start":{"line":9,"column":2},"end":{"line":9,"column":null}},"4":{"start":{"line":10,"column":2},"end":{"line":10,"column":null}},"5":{"start":{"line":16,"column":0},"end":{"line":16,"column":null}},"6":{"start":{"line":17,"column":2},"end":{"line":17,"column":null}},"7":{"start":{"line":18,"column":2},"end":{"line":18,"column":null}},"8":{"start":{"line":19,"column":2},"end":{"line":19,"column":null}},"9":{"start":{"line":20,"column":2},"end":{"line":20,"column":null}},"10":{"start":{"line":21,"column":2},"end":{"line":21,"column":null}},"11":{"start":{"line":22,"column":2},"end":{"line":22,"column":null}},"12":{"start":{"line":23,"column":2},"end":{"line":23,"column":null}},"13":{"start":{"line":24,"column":2},"end":{"line":24,"column":null}},"14":{"start":{"line":25,"column":2},"end":{"line":25,"column":null}},"15":{"start":{"line":26,"column":2},"end":{"line":26,"column":null}},"16":{"start":{"line":27,"column":2},"end":{"line":27,"column":null}}},"fnMap":{"0":{"name":"(anonymous_0)","decl":{"start":{"line":6,"column":0},"end":{"line":6,"column":12}},"loc":{"start":{"line":6,"column":22},"end":{"line":11,"column":1}}},"1":{"name":"(anonymous_1)","decl":{"start":{"line":16,"column":0},"end":{"line":16,"column":12}},"loc":{"start":{"line":16,"column":21},"end":{"line":28,"column":1}}}},"branchMap":{"0":{"loc":{"start":{"line":6,"column":12},"end":{"line":6,"column":22}},"type":"binary-expr","locations":[{"start":{"line":6,"column":12},"end":{"line":6,"column":22}},{"start":{"line":6,"column":22},"end":{"line":6,"column":null}}]},"1":{"loc":{"start":{"line":16,"column":12},"end":{"line":16,"column":21}},"type":"binary-expr","locations":[{"start":{"line":16,"column":12},"end":{"line":16,"column":21}},{"start":{"line":16,"column":21},"end":{"line":16,"column":null}}]}},"s":{"0":8,"1":8,"2":8,"3":8,"4":8,"5":8,"6":8,"7":8,"8":8,"9":8,"10":8,"11":8,"12":8,"13":8,"14":8,"15":8,"16":8},"f":{"0":8,"1":8},"b":{"0":[8,8],"1":[8,8]}}
,"/Users/chrisle/code/prolink-connect/src/status/utils.ts": {"path":"/Users/chrisle/code/prolink-connect/src/status/utils.ts","statementMap":{"0":{"start":{"line":8,"column":0},"end":{"line":8,"column":16}},"1":{"start":{"line":53,"column":0},"end":{"line":53,"column":16}},"2":{"start":{"line":122,"column":0},"end":{"line":122,"column":16}},"3":{"start":{"line":171,"column":0},"end":{"line":171,"column":16}},"4":{"start":{"line":1,"column":0},"end":{"line":1,"column":45}},"5":{"start":{"line":2,"column":0},"end":{"line":2,"column":51}},"6":{"start":{"line":4,"column":18},"end":{"line":4,"column":37}},"7":{"start":{"line":5,"column":18},"end":{"line":5,"column":37}},"8":{"start":{"line":6,"column":17},"end":{"line":6,"column":35}},"9":{"start":{"line":9,"column":2},"end":{"line":11,"column":3}},"10":{"start":{"line":10,"column":4},"end":{"line":10,"column":81}},"11":{"start":{"line":14,"column":2},"end":{"line":16,"column":3}},"12":{"start":{"line":15,"column":4},"end":{"line":15,"column":21}},"13":{"start":{"line":19,"column":17},"end":{"line":19,"column":42}},"14":{"start":{"line":20,"column":19},"end":{"line":20,"column":61}},"15":{"start":{"line":23,"column":27},"end":{"line":23,"column":52}},"16":{"start":{"line":24,"column":24},"end":{"line":24,"column":79}},"17":{"start":{"line":27,"column":18},"end":{"line":27,"column":43}},"18":{"start":{"line":28,"column":15},"end":{"line":28,"column":53}},"19":{"start":{"line":30,"column":34},"end":{"line":48,"column":4}},"20":{"start":{"line":50,"column":2},"end":{"line":50,"column":16}},"21":{"start":{"line":54,"column":2},"end":{"line":56,"column":3}},"22":{"start":{"line":55,"column":4},"end":{"line":55,"column":85}},"23":{"start":{"line":58,"column":2},"end":{"line":60,"column":3}},"24":{"start":{"line":59,"column":4},"end":{"line":59,"column":21}},"25":{"start":{"line":62,"column":15},"end":{"line":65,"column":23}},"26":{"start":{"line":67,"column":22},"end":{"line":71,"column":null}},"27":{"start":{"line":74,"column":19},"end":{"line":74,"column":31}},"28":{"start":{"line":75,"column":15},"end":{"line":75,"column":27}},"29":{"start":{"line":77,"column":21},"end":{"line":77,"column":46}},"30":{"start":{"line":78,"column":21},"end":{"line":78,"column":33}},"31":{"start":{"line":79,"column":22},"end":{"line":79,"column":36}},"32":{"start":{"line":80,"column":24},"end":{"line":80,"column":49}},"33":{"start":{"line":81,"column":16},"end":{"line":81,"column":38}},"34":{"start":{"line":82,"column":21},"end":{"line":82,"column":49}},"35":{"start":{"line":83,"column":20},"end":{"line":83,"column":48}},"36":{"start":{"line":85,"column":30},"end":{"line":97,"column":4}},"37":{"start":{"line":99,"column":2},"end":{"line":99,"column":14}},"38":{"start":{"line":109,"column":16},"end":{"line":109,"column":59}},"39":{"start":{"line":110,"column":23},"end":{"line":110,"column":31}},"40":{"start":{"line":112,"column":19},"end":{"line":112,"column":64}},"41":{"start":{"line":114,"column":2},"end":{"line":114,"column":30}},"42":{"start":{"line":123,"column":2},"end":{"line":125,"column":3}},"43":{"start":{"line":124,"column":4},"end":{"line":124,"column":21}},"44":{"start":{"line":128,"column":2},"end":{"line":130,"column":3}},"45":{"start":{"line":129,"column":4},"end":{"line":129,"column":21}},"46":{"start":{"line":133,"column":15},"end":{"line":133,"column":40}},"47":{"start":{"line":134,"column":2},"end":{"line":136,"column":3}},"48":{"start":{"line":135,"column":4},"end":{"line":135,"column":21}},"49":{"start":{"line":138,"column":19},"end":{"line":138,"column":31}},"50":{"start":{"line":139,"column":22},"end":{"line":139,"column":47}},"51":{"start":{"line":140,"column":19},"end":{"line":140,"column":44}},"52":{"start":{"line":144,"column":19},"end":{"line":144,"column":43}},"53":{"start":{"line":145,"column":16},"end":{"line":145,"column":31}},"54":{"start":{"line":148,"column":17},"end":{"line":148,"column":42}},"55":{"start":{"line":149,"column":14},"end":{"line":149,"column":56}},"56":{"start":{"line":151,"column":44},"end":{"line":157,"column":4}},"57":{"start":{"line":159,"column":2},"end":{"line":159,"column":18}},"58":{"start":{"line":172,"column":2},"end":{"line":174,"column":3}},"59":{"start":{"line":173,"column":4},"end":{"line":173,"column":21}},"60":{"start":{"line":176,"column":18},"end":{"line":176,"column":30}},"61":{"start":{"line":177,"column":15},"end":{"line":177,"column":40}},"62":{"start":{"line":180,"column":2},"end":{"line":196,"column":3}},"63":{"start":{"line":181,"column":21},"end":{"line":181,"column":33}},"64":{"start":{"line":182,"column":21},"end":{"line":187,"column":6}},"65":{"start":{"line":189,"column":41},"end":{"line":193,"column":6}},"66":{"start":{"line":195,"column":4},"end":{"line":195,"column":17}},"67":{"start":{"line":199,"column":2},"end":{"line":217,"column":3}},"68":{"start":{"line":200,"column":21},"end":{"line":200,"column":33}},"69":{"start":{"line":201,"column":21},"end":{"line":208,"column":6}},"70":{"start":{"line":210,"column":41},"end":{"line":214,"column":6}},"71":{"start":{"line":216,"column":4},"end":{"line":216,"column":17}},"72":{"start":{"line":219,"column":2},"end":{"line":219,"column":19}}},"fnMap":{"0":{"name":"statusFromPacket","decl":{"start":{"line":8,"column":16},"end":{"line":8,"column":32}},"loc":{"start":{"line":8,"column":47},"end":{"line":51,"column":1}}},"1":{"name":"mediaSlotFromPacket","decl":{"start":{"line":53,"column":16},"end":{"line":53,"column":35}},"loc":{"start":{"line":53,"column":50},"end":{"line":100,"column":1}}},"2":{"name":"calcPitch","decl":{"start":{"line":108,"column":9},"end":{"line":108,"column":18}},"loc":{"start":{"line":108,"column":32},"end":{"line":115,"column":1}}},"3":{"name":"positionFromPacket","decl":{"start":{"line":122,"column":16},"end":{"line":122,"column":34}},"loc":{"start":{"line":122,"column":49},"end":{"line":160,"column":1}}},"4":{"name":"onAirFromPacket","decl":{"start":{"line":171,"column":16},"end":{"line":171,"column":31}},"loc":{"start":{"line":171,"column":46},"end":{"line":220,"column":1}}}},"branchMap":{"0":{"loc":{"start":{"line":9,"column":2},"end":{"line":11,"column":3}},"type":"if","locations":[{"start":{"line":9,"column":2},"end":{"line":11,"column":3}}]},"1":{"loc":{"start":{"line":14,"column":2},"end":{"line":16,"column":3}},"type":"if","locations":[{"start":{"line":14,"column":2},"end":{"line":16,"column":3}}]},"2":{"loc":{"start":{"line":20,"column":42},"end":{"line":20,"column":46}},"type":"cond-expr","locations":[{"start":{"line":20,"column":42},"end":{"line":20,"column":46}},{"start":{"line":20,"column":49},"end":{"line":20,"column":61}}]},"3":{"loc":{"start":{"line":24,"column":56},"end":{"line":24,"column":60}},"type":"cond-expr","locations":[{"start":{"line":24,"column":56},"end":{"line":24,"column":60}},{"start":{"line":24,"column":63},"end":{"line":24,"column":79}}]},"4":{"loc":{"start":{"line":28,"column":39},"end":{"line":28,"column":43}},"type":"cond-expr","locations":[{"start":{"line":28,"column":39},"end":{"line":28,"column":43}},{"start":{"line":28,"column":46},"end":{"line":28,"column":53}}]},"5":{"loc":{"start":{"line":54,"column":2},"end":{"line":56,"column":3}},"type":"if","locations":[{"start":{"line":54,"column":2},"end":{"line":56,"column":3}}]},"6":{"loc":{"start":{"line":58,"column":2},"end":{"line":60,"column":3}},"type":"if","locations":[{"start":{"line":58,"column":2},"end":{"line":60,"column":3}}]},"7":{"loc":{"start":{"line":123,"column":2},"end":{"line":125,"column":3}},"type":"if","locations":[{"start":{"line":123,"column":2},"end":{"line":125,"column":3}}]},"8":{"loc":{"start":{"line":128,"column":2},"end":{"line":130,"column":3}},"type":"if","locations":[{"start":{"line":128,"column":2},"end":{"line":130,"column":3}}]},"9":{"loc":{"start":{"line":134,"column":2},"end":{"line":136,"column":3}},"type":"if","locations":[{"start":{"line":134,"column":2},"end":{"line":136,"column":3}}]},"10":{"loc":{"start":{"line":134,"column":6},"end":{"line":134,"column":17}},"type":"binary-expr","locations":[{"start":{"line":134,"column":6},"end":{"line":134,"column":17}},{"start":{"line":134,"column":21},"end":{"line":134,"column":41}}]},"11":{"loc":{"start":{"line":149,"column":38},"end":{"line":149,"column":42}},"type":"cond-expr","locations":[{"start":{"line":149,"column":38},"end":{"line":149,"column":42}},{"start":{"line":149,"column":45},"end":{"line":149,"column":56}}]},"12":{"loc":{"start":{"line":172,"column":2},"end":{"line":174,"column":3}},"type":"if","locations":[{"start":{"line":172,"column":2},"end":{"line":174,"column":3}}]},"13":{"loc":{"start":{"line":180,"column":2},"end":{"line":196,"column":3}},"type":"if","locations":[{"start":{"line":180,"column":2},"end":{"line":196,"column":3}}]},"14":{"loc":{"start":{"line":180,"column":6},"end":{"line":180,"column":22}},"type":"binary-expr","locations":[{"start":{"line":180,"column":6},"end":{"line":180,"column":22}},{"start":{"line":180,"column":26},"end":{"line":180,"column":41}},{"start":{"line":180,"column":45},"end":{"line":180,"column":66}}]},"15":{"loc":{"start":{"line":199,"column":2},"end":{"line":217,"column":3}},"type":"if","locations":[{"start":{"line":199,"column":2},"end":{"line":217,"column":3}}]},"16":{"loc":{"start":{"line":199,"column":6},"end":{"line":199,"column":22}},"type":"binary-expr","locations":[{"start":{"line":199,"column":6},"end":{"line":199,"column":22}},{"start":{"line":199,"column":26},"end":{"line":199,"column":41}},{"start":{"line":199,"column":45},"end":{"line":199,"column":66}}]}},"s":{"0":3,"1":3,"2":3,"3":3,"4":3,"5":3,"6":3,"7":3,"8":3,"9":3,"10":1,"11":2,"12":1,"13":1,"14":1,"15":1,"16":1,"17":1,"18":1,"19":1,"20":1,"21":3,"22":1,"23":2,"24":1,"25":1,"26":1,"27":1,"28":1,"29":1,"30":1,"31":1,"32":1,"33":1,"34":1,"35":1,"36":1,"37":1,"38":2,"39":2,"40":2,"41":2,"42":7,"43":1,"44":6,"45":2,"46":4,"47":4,"48":0,"49":4,"50":4,"51":4,"52":4,"53":4,"54":4,"55":4,"56":4,"57":4,"58":8,"59":1,"60":7,"61":7,"62":7,"63":1,"64":1,"65":1,"66":1,"67":6,"68":3,"69":3,"70":3,"71":3,"72":3},"f":{"0":3,"1":3,"2":2,"3":7,"4":8},"b":{"0":[1],"1":[1],"2":[1,0],"3":[1,0],"4":[1,0],"5":[1],"6":[1],"7":[1],"8":[2],"9":[0],"10":[4,4],"11":[1,3],"12":[1],"13":[1],"14":[7,2,1],"15":[3],"16":[6,5,4]}}
,"/Users/chrisle/code/prolink-connect/src/utils/index.ts": {"path":"/Users/chrisle/code/prolink-connect/src/utils/index.ts","statementMap":{"0":{"start":{"line":10,"column":0},"end":{"line":10,"column":16}},"1":{"start":{"line":23,"column":0},"end":{"line":23,"column":16}},"2":{"start":{"line":54,"column":0},"end":{"line":54,"column":16}},"3":{"start":{"line":66,"column":0},"end":{"line":66,"column":16}},"4":{"start":{"line":77,"column":0},"end":{"line":77,"column":16}},"5":{"start":{"line":1,"column":0},"end":{"line":1,"column":33}},"6":{"start":{"line":3,"column":0},"end":{"line":3,"column":85}},"7":{"start":{"line":5,"column":0},"end":{"line":5,"column":55}},"8":{"start":{"line":11,"column":15},"end":{"line":11,"column":33}},"9":{"start":{"line":12,"column":2},"end":{"line":12,"column":46}},"10":{"start":{"line":14,"column":2},"end":{"line":14,"column":14}},"11":{"start":{"line":24,"column":19},"end":{"line":27,"column":null}},"12":{"start":{"line":26,"column":6},"end":{"line":26,"column":74}},"13":{"start":{"line":26,"column":53},"end":{"line":26,"column":65}},"14":{"start":{"line":30,"column":73},"end":{"line":30,"column":77}},"15":{"start":{"line":31,"column":22},"end":{"line":31,"column":23}},"16":{"start":{"line":33,"column":2},"end":{"line":46,"column":3}},"17":{"start":{"line":34,"column":29},"end":{"line":34,"column":34}},"18":{"start":{"line":36,"column":4},"end":{"line":38,"column":5}},"19":{"start":{"line":37,"column":6},"end":{"line":37,"column":15}},"20":{"start":{"line":40,"column":22},"end":{"line":40,"column":43}},"21":{"start":{"line":42,"column":4},"end":{"line":45,"column":5}},"22":{"start":{"line":43,"column":6},"end":{"line":43,"column":27}},"23":{"start":{"line":44,"column":6},"end":{"line":44,"column":43}},"24":{"start":{"line":48,"column":2},"end":{"line":48,"column":22}},"25":{"start":{"line":55,"column":14},"end":{"line":55,"column":46}},"26":{"start":{"line":56,"column":2},"end":{"line":56,"column":17}},"27":{"start":{"line":59,"column":18},"end":{"line":60,"column":null}},"28":{"start":{"line":60,"column":37},"end":{"line":60,"column":63}},"29":{"start":{"line":67,"column":2},"end":{"line":67,"column":25}},"30":{"start":{"line":70,"column":23},"end":{"line":71,"column":null}},"31":{"start":{"line":71,"column":37},"end":{"line":71,"column":63}},"32":{"start":{"line":78,"column":2},"end":{"line":78,"column":30}}},"fnMap":{"0":{"name":"buildName","decl":{"start":{"line":10,"column":16},"end":{"line":10,"column":25}},"loc":{"start":{"line":10,"column":40},"end":{"line":15,"column":1}}},"1":{"name":"getMatchingInterface","decl":{"start":{"line":23,"column":16},"end":{"line":23,"column":36}},"loc":{"start":{"line":23,"column":56},"end":{"line":49,"column":1}}},"2":{"name":"(anonymous_11)","decl":{"start":{"line":25,"column":4},"end":{"line":25,"column":5}},"loc":{"start":{"line":26,"column":6},"end":{"line":26,"column":74}}},"3":{"name":"(anonymous_12)","decl":{"start":{"line":26,"column":47},"end":{"line":26,"column":48}},"loc":{"start":{"line":26,"column":53},"end":{"line":26,"column":65}}},"4":{"name":"bpmToSeconds","decl":{"start":{"line":54,"column":16},"end":{"line":54,"column":28}},"loc":{"start":{"line":54,"column":55},"end":{"line":57,"column":1}}},"5":{"name":"(anonymous_14)","decl":{"start":{"line":60,"column":32},"end":{"line":60,"column":33}},"loc":{"start":{"line":60,"column":37},"end":{"line":60,"column":63}}},"6":{"name":"getSlotName","decl":{"start":{"line":66,"column":16},"end":{"line":66,"column":27}},"loc":{"start":{"line":66,"column":43},"end":{"line":68,"column":1}}},"7":{"name":"(anonymous_16)","decl":{"start":{"line":71,"column":32},"end":{"line":71,"column":33}},"loc":{"start":{"line":71,"column":37},"end":{"line":71,"column":63}}},"8":{"name":"getTrackTypeName","decl":{"start":{"line":77,"column":16},"end":{"line":77,"column":32}},"loc":{"start":{"line":77,"column":48},"end":{"line":79,"column":1}}}},"branchMap":{"0":{"loc":{"start":{"line":26,"column":27},"end":{"line":26,"column":68}},"type":"cond-expr","locations":[{"start":{"line":26,"column":27},"end":{"line":26,"column":68}},{"start":{"line":26,"column":71},"end":{"line":26,"column":74}}]},"1":{"loc":{"start":{"line":36,"column":4},"end":{"line":38,"column":5}},"type":"if","locations":[{"start":{"line":36,"column":4},"end":{"line":38,"column":5}}]},"2":{"loc":{"start":{"line":36,"column":8},"end":{"line":36,"column":31}},"type":"binary-expr","locations":[{"start":{"line":36,"column":8},"end":{"line":36,"column":31}},{"start":{"line":36,"column":35},"end":{"line":36,"column":43}},{"start":{"line":36,"column":47},"end":{"line":36,"column":60}}]},"3":{"loc":{"start":{"line":42,"column":4},"end":{"line":45,"column":5}},"type":"if","locations":[{"start":{"line":42,"column":4},"end":{"line":45,"column":5}}]},"4":{"loc":{"start":{"line":42,"column":8},"end":{"line":42,"column":36}},"type":"binary-expr","locations":[{"start":{"line":42,"column":8},"end":{"line":42,"column":36}},{"start":{"line":42,"column":40},"end":{"line":42,"column":76}}]}},"s":{"0":3,"1":3,"2":3,"3":3,"4":3,"5":3,"6":3,"7":3,"8":15,"9":15,"10":15,"11":0,"12":0,"13":0,"14":0,"15":0,"16":0,"17":0,"18":0,"19":0,"20":0,"21":0,"22":0,"23":0,"24":0,"25":221,"26":221,"27":3,"28":30,"29":3,"30":3,"31":24,"32":3},"f":{"0":15,"1":0,"2":0,"3":0,"4":221,"5":30,"6":3,"7":24,"8":3},"b":{"0":[0,0],"1":[0],"2":[0,0,0],"3":[0],"4":[0,0]}}
,"/Users/chrisle/code/prolink-connect/src/virtualcdj/index.ts": {"path":"/Users/chrisle/code/prolink-connect/src/virtualcdj/index.ts","statementMap":{"0":{"start":{"line":34,"column":0},"end":{"line":34,"column":16}},"1":{"start":{"line":84,"column":0},"end":{"line":84,"column":16}},"2":{"start":{"line":1,"column":0},"end":{"line":1,"column":33}},"3":{"start":{"line":6,"column":0},"end":{"line":6,"column":null}},"4":{"start":{"line":15,"column":0},"end":{"line":15,"column":55}},"5":{"start":{"line":16,"column":0},"end":{"line":16,"column":36}},"6":{"start":{"line":21,"column":29},"end":{"line":27,"column":2}},"7":{"start":{"line":21,"column":89},"end":{"line":27,"column":2}},"8":{"start":{"line":26,"column":56},"end":{"line":26,"column":71}},"9":{"start":{"line":21,"column":13},"end":{"line":21,"column":29}},"10":{"start":{"line":42,"column":12},"end":{"line":61,"column":4}},"11":{"start":{"line":71,"column":2},"end":{"line":71,"column":30}},"12":{"start":{"line":72,"column":2},"end":{"line":72,"column":49}},"13":{"start":{"line":73,"column":2},"end":{"line":73,"column":43}},"14":{"start":{"line":74,"column":2},"end":{"line":74,"column":43}},"15":{"start":{"line":75,"column":2},"end":{"line":75,"column":58}},"16":{"start":{"line":77,"column":2},"end":{"line":77,"column":11}},"17":{"start":{"line":85,"column":12},"end":{"line":85,"column":28}},"18":{"start":{"line":88,"column":19},"end":{"line":88,"column":31}},"19":{"start":{"line":90,"column":19},"end":{"line":90,"column":43}},"20":{"start":{"line":107,"column":16},"end":{"line":121,"column":4}},"21":{"start":{"line":123,"column":2},"end":{"line":123,"column":32}},"22":{"start":{"line":129,"column":0},"end":{"line":129,"column":null}},"23":{"start":{"line":131,"column":2},"end":{"line":131,"column":null}},"24":{"start":{"line":133,"column":2},"end":{"line":133,"column":null}},"25":{"start":{"line":135,"column":2},"end":{"line":135,"column":null}},"26":{"start":{"line":137,"column":2},"end":{"line":137,"column":null}},"27":{"start":{"line":139,"column":2},"end":{"line":139,"column":null}},"28":{"start":{"line":147,"column":29},"end":{"line":147,"column":43}},"29":{"start":{"line":148,"column":16},"end":{"line":156,"column":4}},"30":{"start":{"line":158,"column":2},"end":{"line":160,"column":3}},"31":{"start":{"line":159,"column":4},"end":{"line":159,"column":21}},"32":{"start":{"line":162,"column":2},"end":{"line":162,"column":32}},"33":{"start":{"line":170,"column":29},"end":{"line":170,"column":43}},"34":{"start":{"line":171,"column":16},"end":{"line":181,"column":4}},"35":{"start":{"line":183,"column":2},"end":{"line":183,"column":32}},"36":{"start":{"line":191,"column":29},"end":{"line":191,"column":43}},"37":{"start":{"line":192,"column":16},"end":{"line":204,"column":4}},"38":{"start":{"line":206,"column":2},"end":{"line":206,"column":32}},"39":{"start":{"line":214,"column":29},"end":{"line":214,"column":43}},"40":{"start":{"line":215,"column":16},"end":{"line":224,"column":4}},"41":{"start":{"line":226,"column":2},"end":{"line":226,"column":32}},"42":{"start":{"line":234,"column":29},"end":{"line":234,"column":43}},"43":{"start":{"line":235,"column":16},"end":{"line":249,"column":4}},"44":{"start":{"line":251,"column":2},"end":{"line":251,"column":32}},"45":{"start":{"line":260,"column":2},"end":{"line":262,"column":3}},"46":{"start":{"line":261,"column":4},"end":{"line":261,"column":16}},"47":{"start":{"line":265,"column":2},"end":{"line":267,"column":3}},"48":{"start":{"line":266,"column":4},"end":{"line":266,"column":16}},"49":{"start":{"line":270,"column":2},"end":{"line":272,"column":3}},"50":{"start":{"line":271,"column":4},"end":{"line":271,"column":16}},"51":{"start":{"line":275,"column":2},"end":{"line":275,"column":22}},"52":{"start":{"line":286,"column":2},"end":{"line":286,"column":26}},"53":{"start":{"line":291,"column":2},"end":{"line":291,"column":32}},"54":{"start":{"line":295,"column":2},"end":{"line":295,"column":16}},"55":{"start":{"line":299,"column":2},"end":{"line":299,"column":35}},"56":{"start":{"line":303,"column":2},"end":{"line":303,"column":24}},"57":{"start":{"line":307,"column":2},"end":{"line":307,"column":61}},"58":{"start":{"line":311,"column":2},"end":{"line":311,"column":20}},"59":{"start":{"line":315,"column":2},"end":{"line":315,"column":44}},"60":{"start":{"line":319,"column":2},"end":{"line":319,"column":35}},"61":{"start":{"line":328,"column":4},"end":{"line":328,"column":22}},"62":{"start":{"line":329,"column":4},"end":{"line":329,"column":42}},"63":{"start":{"line":330,"column":4},"end":{"line":330,"column":40}},"64":{"start":{"line":331,"column":4},"end":{"line":331,"column":24}},"65":{"start":{"line":332,"column":4},"end":{"line":332,"column":36}},"66":{"start":{"line":336,"column":4},"end":{"line":340,"column":5}},"67":{"start":{"line":337,"column":6},"end":{"line":337,"column":31}},"68":{"start":{"line":339,"column":6},"end":{"line":339,"column":29}},"69":{"start":{"line":527,"column":4},"end":{"line":531,"column":5}},"70":{"start":{"line":528,"column":6},"end":{"line":528,"column":42}},"71":{"start":{"line":529,"column":6},"end":{"line":529,"column":41}},"72":{"start":{"line":530,"column":6},"end":{"line":530,"column":39}},"73":{"start":{"line":534,"column":4},"end":{"line":537,"column":5}},"74":{"start":{"line":535,"column":6},"end":{"line":535,"column":66}},"75":{"start":{"line":536,"column":6},"end":{"line":536,"column":41}},"76":{"start":{"line":282,"column":0},"end":{"line":282,"column":13}},"77":{"start":{"line":347,"column":4},"end":{"line":347,"column":54}},"78":{"start":{"line":348,"column":4},"end":{"line":348,"column":27}},"79":{"start":{"line":351,"column":4},"end":{"line":359,"column":6}},"80":{"start":{"line":352,"column":31},"end":{"line":352,"column":55}},"81":{"start":{"line":353,"column":6},"end":{"line":358,"column":7}},"82":{"start":{"line":354,"column":8},"end":{"line":356,"column":10}},"83":{"start":{"line":357,"column":8},"end":{"line":357,"column":31}},"84":{"start":{"line":360,"column":4},"end":{"line":360,"column":63}},"85":{"start":{"line":362,"column":4},"end":{"line":362,"column":29}},"86":{"start":{"line":370,"column":4},"end":{"line":373,"column":5}},"87":{"start":{"line":371,"column":6},"end":{"line":371,"column":41}},"88":{"start":{"line":372,"column":6},"end":{"line":372,"column":39}},"89":{"start":{"line":376,"column":20},"end":{"line":376,"column":85}},"90":{"start":{"line":376,"column":79},"end":{"line":376,"column":83}},"91":{"start":{"line":377,"column":31},"end":{"line":377,"column":35}},"92":{"start":{"line":380,"column":4},"end":{"line":385,"column":5}},"93":{"start":{"line":380,"column":18},"end":{"line":380,"column":19}},"94":{"start":{"line":381,"column":6},"end":{"line":384,"column":7}},"95":{"start":{"line":382,"column":8},"end":{"line":382,"column":19}},"96":{"start":{"line":383,"column":8},"end":{"line":383,"column":14}},"97":{"start":{"line":386,"column":4},"end":{"line":393,"column":5}},"98":{"start":{"line":387,"column":6},"end":{"line":392,"column":7}},"99":{"start":{"line":387,"column":20},"end":{"line":387,"column":21}},"100":{"start":{"line":388,"column":8},"end":{"line":391,"column":9}},"101":{"start":{"line":389,"column":10},"end":{"line":389,"column":21}},"102":{"start":{"line":390,"column":10},"end":{"line":390,"column":16}},"103":{"start":{"line":395,"column":4},"end":{"line":399,"column":5}},"104":{"start":{"line":396,"column":6},"end":{"line":396,"column":75}},"105":{"start":{"line":397,"column":6},"end":{"line":397,"column":18}},"106":{"start":{"line":398,"column":6},"end":{"line":398,"column":13}},"107":{"start":{"line":401,"column":4},"end":{"line":401,"column":51}},"108":{"start":{"line":404,"column":4},"end":{"line":404,"column":63}},"109":{"start":{"line":407,"column":4},"end":{"line":407,"column":54}},"110":{"start":{"line":408,"column":4},"end":{"line":408,"column":27}},"111":{"start":{"line":409,"column":4},"end":{"line":409,"column":29}},"112":{"start":{"line":416,"column":4},"end":{"line":416,"column":25}},"113":{"start":{"line":420,"column":4},"end":{"line":437,"column":5}},"114":{"start":{"line":422,"column":8},"end":{"line":422,"column":47}},"115":{"start":{"line":423,"column":8},"end":{"line":423,"column":14}},"116":{"start":{"line":425,"column":8},"end":{"line":425,"column":67}},"117":{"start":{"line":426,"column":8},"end":{"line":426,"column":14}},"118":{"start":{"line":428,"column":8},"end":{"line":428,"column":67}},"119":{"start":{"line":429,"column":8},"end":{"line":429,"column":14}},"120":{"start":{"line":431,"column":8},"end":{"line":431,"column":67}},"121":{"start":{"line":432,"column":8},"end":{"line":432,"column":14}},"122":{"start":{"line":435,"column":8},"end":{"line":435,"column":31}},"123":{"start":{"line":436,"column":8},"end":{"line":436,"column":15}},"124":{"start":{"line":440,"column":20},"end":{"line":440,"column":61}},"125":{"start":{"line":441,"column":4},"end":{"line":443,"column":6}},"126":{"start":{"line":442,"column":6},"end":{"line":442,"column":73}},"127":{"start":{"line":446,"column":4},"end":{"line":449,"column":5}},"128":{"start":{"line":447,"column":28},"end":{"line":447,"column":62}},"129":{"start":{"line":448,"column":6},"end":{"line":448,"column":70}},"130":{"start":{"line":452,"column":4},"end":{"line":455,"column":5}},"131":{"start":{"line":454,"column":6},"end":{"line":454,"column":27}},"132":{"start":{"line":458,"column":4},"end":{"line":461,"column":6}},"133":{"start":{"line":459,"column":12},"end":{"line":459,"column":34}},"134":{"start":{"line":468,"column":4},"end":{"line":468,"column":27}},"135":{"start":{"line":470,"column":4},"end":{"line":483,"column":5}},"136":{"start":{"line":472,"column":8},"end":{"line":472,"column":58}},"137":{"start":{"line":473,"column":8},"end":{"line":473,"column":14}},"138":{"start":{"line":475,"column":8},"end":{"line":475,"column":59}},"139":{"start":{"line":476,"column":8},"end":{"line":476,"column":14}},"140":{"start":{"line":478,"column":8},"end":{"line":478,"column":58}},"141":{"start":{"line":479,"column":8},"end":{"line":479,"column":14}},"142":{"start":{"line":481,"column":8},"end":{"line":481,"column":52}},"143":{"start":{"line":482,"column":8},"end":{"line":482,"column":14}},"144":{"start":{"line":490,"column":4},"end":{"line":493,"column":5}},"145":{"start":{"line":491,"column":6},"end":{"line":491,"column":41}},"146":{"start":{"line":492,"column":6},"end":{"line":492,"column":39}},"147":{"start":{"line":496,"column":4},"end":{"line":499,"column":5}},"148":{"start":{"line":497,"column":6},"end":{"line":497,"column":66}},"149":{"start":{"line":498,"column":6},"end":{"line":498,"column":41}},"150":{"start":{"line":501,"column":26},"end":{"line":517,"column":5}},"151":{"start":{"line":502,"column":24},"end":{"line":502,"column":60}},"152":{"start":{"line":503,"column":21},"end":{"line":505,"column":40}},"153":{"start":{"line":507,"column":22},"end":{"line":507,"column":63}},"154":{"start":{"line":508,"column":6},"end":{"line":510,"column":8}},"155":{"start":{"line":509,"column":8},"end":{"line":509,"column":75}},"156":{"start":{"line":513,"column":6},"end":{"line":516,"column":7}},"157":{"start":{"line":514,"column":30},"end":{"line":514,"column":64}},"158":{"start":{"line":515,"column":8},"end":{"line":515,"column":72}},"159":{"start":{"line":520,"column":4},"end":{"line":520,"column":20}},"160":{"start":{"line":523,"column":4},"end":{"line":523,"column":73}}},"fnMap":{"0":{"name":"(anonymous_11)","decl":{"start":{"line":21,"column":29},"end":{"line":21,"column":30}},"loc":{"start":{"line":21,"column":89},"end":{"line":27,"column":2}}},"1":{"name":"(anonymous_12)","decl":{"start":{"line":26,"column":51},"end":{"line":26,"column":52}},"loc":{"start":{"line":26,"column":56},"end":{"line":26,"column":71}}},"2":{"name":"makeStatusPacket","decl":{"start":{"line":34,"column":16},"end":{"line":34,"column":32}},"loc":{"start":{"line":34,"column":47},"end":{"line":78,"column":1}}},"3":{"name":"makeAnnouncePacket","decl":{"start":{"line":84,"column":16},"end":{"line":84,"column":34}},"loc":{"start":{"line":84,"column":59},"end":{"line":124,"column":1}}},"4":{"name":"(anonymous_15)","decl":{"start":{"line":129,"column":0},"end":{"line":129,"column":5}},"loc":{"start":{"line":129,"column":17},"end":{"line":140,"column":1}}},"5":{"name":"makeStage0aPacket","decl":{"start":{"line":146,"column":9},"end":{"line":146,"column":26}},"loc":{"start":{"line":146,"column":41},"end":{"line":163,"column":1}}},"6":{"name":"makeStage00Packet","decl":{"start":{"line":169,"column":9},"end":{"line":169,"column":26}},"loc":{"start":{"line":169,"column":58},"end":{"line":184,"column":1}}},"7":{"name":"makeStage02Packet","decl":{"start":{"line":190,"column":9},"end":{"line":190,"column":26}},"loc":{"start":{"line":190,"column":58},"end":{"line":207,"column":1}}},"8":{"name":"makeStage04Packet","decl":{"start":{"line":213,"column":9},"end":{"line":213,"column":26}},"loc":{"start":{"line":213,"column":58},"end":{"line":227,"column":1}}},"9":{"name":"makeStage06Packet","decl":{"start":{"line":233,"column":9},"end":{"line":233,"column":26}},"loc":{"start":{"line":233,"column":60},"end":{"line":252,"column":1}}},"10":{"name":"parseConflictPacket","decl":{"start":{"line":258,"column":9},"end":{"line":258,"column":28}},"loc":{"start":{"line":258,"column":43},"end":{"line":276,"column":1}}},"11":{"name":"(anonymous_22)","decl":{"start":{"line":321,"column":2},"end":{"line":321,"column":null}},"loc":{"start":{"line":326,"column":23},"end":{"line":333,"column":3}}},"12":{"name":"(anonymous_23)","decl":{"start":{"line":335,"column":2},"end":{"line":335,"column":7}},"loc":{"start":{"line":335,"column":7},"end":{"line":341,"column":3}}},"13":{"name":"(anonymous_24)","decl":{"start":{"line":526,"column":2},"end":{"line":526,"column":6}},"loc":{"start":{"line":526,"column":6},"end":{"line":538,"column":3}}},"14":{"name":"(anonymous_26)","decl":{"start":{"line":351,"column":29},"end":{"line":351,"column":30}},"loc":{"start":{"line":351,"column":45},"end":{"line":359,"column":5}}},"15":{"name":"_Announcer_handleConflict","decl":{"start":{"line":363,"column":3},"end":{"line":363,"column":null}},"loc":{"start":{"line":363,"column":3},"end":{"line":410,"column":3}}},"16":{"name":"(anonymous_28)","decl":{"start":{"line":376,"column":74},"end":{"line":376,"column":75}},"loc":{"start":{"line":376,"column":79},"end":{"line":376,"column":83}}},"17":{"name":"_Announcer_sendStagePackets","decl":{"start":{"line":410,"column":3},"end":{"line":410,"column":null}},"loc":{"start":{"line":410,"column":3},"end":{"line":462,"column":3}}},"18":{"name":"(anonymous_30)","decl":{"start":{"line":441,"column":20},"end":{"line":441,"column":26}},"loc":{"start":{"line":442,"column":6},"end":{"line":442,"column":73}}},"19":{"name":"(anonymous_31)","decl":{"start":{"line":459,"column":6},"end":{"line":459,"column":9}},"loc":{"start":{"line":459,"column":12},"end":{"line":459,"column":34}}},"20":{"name":"_Announcer_advanceStage","decl":{"start":{"line":462,"column":3},"end":{"line":462,"column":null}},"loc":{"start":{"line":462,"column":3},"end":{"line":484,"column":3}}},"21":{"name":"_Announcer_startKeepAlive","decl":{"start":{"line":484,"column":3},"end":{"line":484,"column":null}},"loc":{"start":{"line":484,"column":3},"end":{"line":524,"column":3}}},"22":{"name":"(anonymous_34)","decl":{"start":{"line":501,"column":26},"end":{"line":501,"column":29}},"loc":{"start":{"line":501,"column":31},"end":{"line":517,"column":5}}},"23":{"name":"(anonymous_35)","decl":{"start":{"line":508,"column":22},"end":{"line":508,"column":28}},"loc":{"start":{"line":509,"column":8},"end":{"line":509,"column":75}}}},"branchMap":{"0":{"loc":{"start":{"line":129,"column":5},"end":{"line":129,"column":17}},"type":"binary-expr","locations":[{"start":{"line":129,"column":5},"end":{"line":129,"column":17}},{"start":{"line":129,"column":5},"end":{"line":129,"column":null}}]},"1":{"loc":{"start":{"line":153,"column":29},"end":{"line":153,"column":33}},"type":"cond-expr","locations":[{"start":{"line":153,"column":29},"end":{"line":153,"column":33}},{"start":{"line":153,"column":36},"end":{"line":153,"column":40}}]},"2":{"loc":{"start":{"line":154,"column":35},"end":{"line":154,"column":39}},"type":"cond-expr","locations":[{"start":{"line":154,"column":35},"end":{"line":154,"column":39}},{"start":{"line":154,"column":42},"end":{"line":154,"column":46}}]},"3":{"loc":{"start":{"line":158,"column":2},"end":{"line":160,"column":3}},"type":"if","locations":[{"start":{"line":158,"column":2},"end":{"line":160,"column":3}}]},"4":{"loc":{"start":{"line":176,"column":29},"end":{"line":176,"column":33}},"type":"cond-expr","locations":[{"start":{"line":176,"column":29},"end":{"line":176,"column":33}},{"start":{"line":176,"column":36},"end":{"line":176,"column":40}}]},"5":{"loc":{"start":{"line":197,"column":29},"end":{"line":197,"column":33}},"type":"cond-expr","locations":[{"start":{"line":197,"column":29},"end":{"line":197,"column":33}},{"start":{"line":197,"column":36},"end":{"line":197,"column":40}}]},"6":{"loc":{"start":{"line":220,"column":29},"end":{"line":220,"column":33}},"type":"cond-expr","locations":[{"start":{"line":220,"column":29},"end":{"line":220,"column":33}},{"start":{"line":220,"column":36},"end":{"line":220,"column":40}}]},"7":{"loc":{"start":{"line":248,"column":29},"end":{"line":248,"column":33}},"type":"cond-expr","locations":[{"start":{"line":248,"column":29},"end":{"line":248,"column":33}},{"start":{"line":248,"column":36},"end":{"line":248,"column":40}}]},"8":{"loc":{"start":{"line":260,"column":2},"end":{"line":262,"column":3}},"type":"if","locations":[{"start":{"line":260,"column":2},"end":{"line":262,"column":3}}]},"9":{"loc":{"start":{"line":265,"column":2},"end":{"line":267,"column":3}},"type":"if","locations":[{"start":{"line":265,"column":2},"end":{"line":267,"column":3}}]},"10":{"loc":{"start":{"line":270,"column":2},"end":{"line":272,"column":3}},"type":"if","locations":[{"start":{"line":270,"column":2},"end":{"line":272,"column":3}}]},"11":{"loc":{"start":{"line":326,"column":18},"end":{"line":326,"column":23}},"type":"default-arg","locations":[{"start":{"line":326,"column":18},"end":{"line":326,"column":23}}]},"12":{"loc":{"start":{"line":336,"column":4},"end":{"line":340,"column":5}},"type":"if","locations":[{"start":{"line":336,"column":4},"end":{"line":340,"column":5}},{"start":{"line":338,"column":11},"end":{"line":340,"column":5}}]},"13":{"loc":{"start":{"line":527,"column":4},"end":{"line":531,"column":5}},"type":"if","locations":[{"start":{"line":527,"column":4},"end":{"line":531,"column":5}}]},"14":{"loc":{"start":{"line":534,"column":4},"end":{"line":537,"column":5}},"type":"if","locations":[{"start":{"line":534,"column":4},"end":{"line":537,"column":5}}]},"15":{"loc":{"start":{"line":353,"column":6},"end":{"line":358,"column":7}},"type":"if","locations":[{"start":{"line":353,"column":6},"end":{"line":358,"column":7}}]},"16":{"loc":{"start":{"line":370,"column":4},"end":{"line":373,"column":5}},"type":"if","locations":[{"start":{"line":370,"column":4},"end":{"line":373,"column":5}}]},"17":{"loc":{"start":{"line":381,"column":6},"end":{"line":384,"column":7}},"type":"if","locations":[{"start":{"line":381,"column":6},"end":{"line":384,"column":7}}]},"18":{"loc":{"start":{"line":386,"column":4},"end":{"line":393,"column":5}},"type":"if","locations":[{"start":{"line":386,"column":4},"end":{"line":393,"column":5}}]},"19":{"loc":{"start":{"line":388,"column":8},"end":{"line":391,"column":9}},"type":"if","locations":[{"start":{"line":388,"column":8},"end":{"line":391,"column":9}}]},"20":{"loc":{"start":{"line":395,"column":4},"end":{"line":399,"column":5}},"type":"if","locations":[{"start":{"line":395,"column":4},"end":{"line":399,"column":5}}]},"21":{"loc":{"start":{"line":421,"column":6},"end":{"line":423,"column":14}},"type":"switch","locations":[{"start":{"line":421,"column":6},"end":{"line":423,"column":14}},{"start":{"line":424,"column":6},"end":{"line":426,"column":14}},{"start":{"line":427,"column":6},"end":{"line":429,"column":14}},{"start":{"line":430,"column":6},"end":{"line":432,"column":14}},{"start":{"line":433,"column":6},"end":{"line":436,"column":15}}]},"22":{"loc":{"start":{"line":446,"column":4},"end":{"line":449,"column":5}},"type":"if","locations":[{"start":{"line":446,"column":4},"end":{"line":449,"column":5}}]},"23":{"loc":{"start":{"line":452,"column":4},"end":{"line":455,"column":5}},"type":"if","locations":[{"start":{"line":452,"column":4},"end":{"line":455,"column":5}}]},"24":{"loc":{"start":{"line":471,"column":6},"end":{"line":473,"column":14}},"type":"switch","locations":[{"start":{"line":471,"column":6},"end":{"line":473,"column":14}},{"start":{"line":474,"column":6},"end":{"line":476,"column":14}},{"start":{"line":477,"column":6},"end":{"line":479,"column":14}},{"start":{"line":480,"column":6},"end":{"line":482,"column":14}}]},"25":{"loc":{"start":{"line":490,"column":4},"end":{"line":493,"column":5}},"type":"if","locations":[{"start":{"line":490,"column":4},"end":{"line":493,"column":5}}]},"26":{"loc":{"start":{"line":496,"column":4},"end":{"line":499,"column":5}},"type":"if","locations":[{"start":{"line":496,"column":4},"end":{"line":499,"column":5}}]},"27":{"loc":{"start":{"line":504,"column":10},"end":{"line":504,"column":50}},"type":"cond-expr","locations":[{"start":{"line":504,"column":10},"end":{"line":504,"column":50}},{"start":{"line":505,"column":10},"end":{"line":505,"column":40}}]},"28":{"loc":{"start":{"line":513,"column":6},"end":{"line":516,"column":7}},"type":"if","locations":[{"start":{"line":513,"column":6},"end":{"line":516,"column":7}}]}},"s":{"0":1,"1":1,"2":1,"3":1,"4":1,"5":1,"6":1,"7":34,"8":204,"9":1,"10":2,"11":2,"12":2,"13":2,"14":2,"15":2,"16":2,"17":5,"18":5,"19":5,"20":5,"21":5,"22":1,"23":1,"24":1,"25":1,"26":1,"27":1,"28":8,"29":8,"30":8,"31":7,"32":8,"33":0,"34":0,"35":0,"36":0,"37":0,"38":0,"39":0,"40":0,"41":0,"42":0,"43":0,"44":0,"45":2,"46":1,"47":1,"48":0,"49":1,"50":0,"51":1,"52":12,"53":12,"54":12,"55":12,"56":12,"57":12,"58":12,"59":12,"60":12,"61":12,"62":12,"63":12,"64":12,"65":12,"66":8,"67":7,"68":1,"69":8,"70":8,"71":8,"72":8,"73":8,"74":7,"75":7,"76":1,"77":7,"78":7,"79":7,"80":2,"81":2,"82":1,"83":1,"84":7,"85":7,"86":1,"87":1,"88":1,"89":1,"90":0,"91":1,"92":1,"93":1,"94":1,"95":1,"96":1,"97":1,"98":0,"99":0,"100":0,"101":0,"102":0,"103":1,"104":0,"105":0,"106":0,"107":1,"108":1,"109":1,"110":1,"111":1,"112":8,"113":8,"114":8,"115":8,"116":0,"117":0,"118":0,"119":0,"120":0,"121":0,"122":0,"123":0,"124":8,"125":8,"126":2,"127":8,"128":7,"129":7,"130":8,"131":0,"132":8,"133":0,"134":0,"135":0,"136":0,"137":0,"138":0,"139":0,"140":0,"141":0,"142":0,"143":0,"144":1,"145":0,"146":0,"147":1,"148":0,"149":0,"150":1,"151":1,"152":1,"153":1,"154":1,"155":0,"156":1,"157":1,"158":1,"159":1,"160":1},"f":{"0":34,"1":204,"2":2,"3":5,"4":1,"5":8,"6":0,"7":0,"8":0,"9":0,"10":2,"11":12,"12":8,"13":8,"14":2,"15":1,"16":0,"17":8,"18":2,"19":0,"20":0,"21":1,"22":1,"23":0},"b":{"0":[1,1],"1":[7,1],"2":[7,1],"3":[7],"4":[0,0],"5":[0,0],"6":[0,0],"7":[0,0],"8":[1],"9":[0],"10":[0],"11":[1],"12":[7,1],"13":[8],"14":[7],"15":[1],"16":[1],"17":[1],"18":[0],"19":[0],"20":[0],"21":[8,0,0,0,0],"22":[7],"23":[0],"24":[0,0,0,0],"25":[0],"26":[0],"27":[0,1],"28":[1]}}
}
