TN:
SF:src/constants.ts
FNF:0
FNH:0
DA:7,6
DA:12,6
DA:17,6
DA:22,6
DA:27,6
DA:32,6
DA:38,6
DA:46,6
DA:52,6
LF:9
LH:9
BRF:0
BRH:0
end_of_record
TN:
SF:src/types.ts
FN:30,(anonymous_9)
FN:104,(anonymous_10)
FN:119,(anonymous_11)
FN:130,(anonymous_12)
FN:218,(anonymous_13)
FN:233,(anonymous_14)
FN:448,(anonymous_15)
FN:474,(anonymous_16)
FNF:8
FNH:8
FNDA:8,(anonymous_9)
FNDA:8,(anonymous_10)
FNDA:8,(anonymous_11)
FNDA:8,(anonymous_12)
FNDA:8,(anonymous_13)
FNDA:8,(anonymous_14)
FNDA:8,(anonymous_15)
FNDA:8,(anonymous_16)
DA:5,8
DA:30,8
DA:31,8
DA:32,8
DA:33,8
DA:104,8
DA:105,8
DA:106,8
DA:107,8
DA:108,8
DA:109,8
DA:110,8
DA:111,8
DA:112,8
DA:113,8
DA:119,8
DA:120,8
DA:121,8
DA:122,8
DA:123,8
DA:124,8
DA:130,8
DA:131,8
DA:132,8
DA:133,8
DA:134,8
DA:218,8
DA:219,8
DA:220,8
DA:221,8
DA:222,8
DA:223,8
DA:224,8
DA:225,8
DA:226,8
DA:233,8
DA:234,8
DA:235,8
DA:236,8
DA:237,8
DA:238,8
DA:239,8
DA:240,8
DA:241,8
DA:242,8
DA:243,8
DA:244,8
DA:245,8
DA:246,8
DA:247,8
DA:248,8
DA:249,8
DA:250,8
DA:251,8
DA:448,8
DA:453,8
DA:458,8
DA:462,8
DA:467,8
DA:474,8
DA:494,8
DA:500,8
DA:504,8
LF:63
LH:63
BRDA:30,0,0,8
BRDA:30,0,1,8
BRDA:104,1,0,8
BRDA:104,1,1,8
BRDA:119,2,0,8
BRDA:119,2,1,8
BRDA:130,3,0,8
BRDA:130,3,1,8
BRDA:218,4,0,8
BRDA:218,4,1,8
BRDA:233,5,0,8
BRDA:233,5,1,8
BRDA:448,6,0,8
BRDA:448,6,1,8
BRDA:474,7,0,8
BRDA:474,7,1,8
BRF:16
BRH:16
end_of_record
TN:
SF:src/devices/index.ts
FN:81,(anonymous_2)
FN:132,(anonymous_3)
FN:162,(anonymous_4)
FN:96,(anonymous_5)
FN:104,(anonymous_6)
FN:114,(anonymous_7)
FN:115,(anonymous_8)
FN:121,(anonymous_9)
FN:121,(anonymous_10)
FN:128,(anonymous_11)
FNF:10
FNH:10
FNDA:6,(anonymous_2)
FNDA:18,(anonymous_3)
FNDA:5,(anonymous_4)
FNDA:8,(anonymous_5)
FNDA:3,(anonymous_6)
FNDA:2,(anonymous_7)
FNDA:1,(anonymous_8)
FNDA:2,(anonymous_9)
FNDA:1,(anonymous_10)
FNDA:1,(anonymous_11)
DA:4,1
DA:6,1
DA:9,1
DA:21,1
DA:29,1
DA:66,6
DA:70,6
DA:75,6
DA:79,6
DA:82,6
DA:85,6
DA:89,6
DA:90,6
DA:91,6
DA:97,8
DA:105,3
DA:107,3
DA:108,1
DA:114,2
DA:115,2
DA:116,2
DA:119,2
DA:121,2
DA:123,2
DA:125,2
DA:129,1
DA:132,6
DA:133,18
DA:135,18
DA:136,2
DA:139,16
DA:140,3
DA:144,13
DA:145,11
DA:146,11
DA:149,13
DA:152,13
DA:153,13
DA:154,2
DA:157,13
DA:158,13
DA:159,13
DA:162,6
DA:163,5
DA:164,5
DA:166,5
DA:170,1
LF:47
LH:47
BRDA:135,0,0,2
BRDA:139,1,0,3
BRDA:144,2,0,11
BRDA:153,3,0,2
BRDA:104,4,0,1
BRDA:107,5,0,1
BRDA:115,6,0,1
BRDA:115,6,1,1
BRF:8
BRH:8
end_of_record
TN:
SF:src/devices/utils.ts
FN:9,deviceFromPacket
FNF:1
FNH:1
FNDA:3,deviceFromPacket
DA:1,1
DA:3,1
DA:9,1
DA:10,3
DA:11,1
DA:14,2
DA:15,1
DA:18,1
DA:23,1
DA:31,1
LF:10
LH:10
BRDA:10,0,0,1
BRDA:14,1,0,1
BRF:2
BRH:2
end_of_record
TN:
SF:src/mixstatus/index.ts
FN:138,(anonymous_2)
FN:158,(anonymous_3)
FN:165,(anonymous_4)
FN:194,(anonymous_5)
FN:196,(anonymous_6)
FN:201,(anonymous_7)
FN:202,(anonymous_8)
FN:203,(anonymous_9)
FN:217,(anonymous_10)
FN:226,(anonymous_11)
FN:235,(anonymous_12)
FN:239,(anonymous_13)
FN:241,(anonymous_14)
FN:244,(anonymous_15)
FN:264,(anonymous_16)
FN:266,(anonymous_17)
FN:267,(anonymous_18)
FN:281,(anonymous_19)
FN:289,(anonymous_20)
FN:327,(anonymous_21)
FN:145,(anonymous_22)
FN:349,(anonymous_23)
FN:416,(anonymous_24)
FNF:23
FNH:21
FNDA:25,(anonymous_2)
FNDA:283,(anonymous_3)
FNDA:45,(anonymous_4)
FNDA:15,(anonymous_5)
FNDA:13,(anonymous_6)
FNDA:13,(anonymous_7)
FNDA:12,(anonymous_8)
FNDA:1,(anonymous_9)
FNDA:15,(anonymous_10)
FNDA:4,(anonymous_11)
FNDA:6,(anonymous_12)
FNDA:3,(anonymous_13)
FNDA:3,(anonymous_14)
FNDA:0,(anonymous_15)
FNDA:63,(anonymous_16)
FNDA:105,(anonymous_17)
FNDA:40,(anonymous_18)
FNDA:5,(anonymous_19)
FNDA:40,(anonymous_20)
FNDA:18,(anonymous_21)
FNDA:5,(anonymous_22)
FNDA:118,(anonymous_23)
FNDA:0,(anonymous_24)
DA:3,1
DA:5,1
DA:6,1
DA:8,1
DA:51,1
DA:103,1
DA:107,25
DA:111,25
DA:115,25
DA:120,25
DA:124,25
DA:128,25
DA:132,25
DA:136,25
DA:139,25
DA:146,5
DA:150,25
DA:151,25
DA:152,25
DA:158,25
DA:159,283
DA:165,25
DA:166,45
DA:168,45
DA:169,6
DA:172,39
DA:173,0
DA:176,39
DA:177,23
DA:178,23
DA:181,39
DA:182,0
DA:185,39
DA:187,39
DA:194,25
DA:195,15
DA:196,13
DA:201,13
DA:202,12
DA:203,1
DA:207,15
DA:208,4
DA:209,4
DA:213,11
DA:214,11
DA:217,25
DA:218,15
DA:219,15
DA:220,15
DA:222,15
DA:223,15
DA:226,25
DA:230,4
DA:231,0
DA:235,6
DA:236,1
DA:239,3
DA:240,3
DA:241,3
DA:244,3
DA:245,0
DA:246,0
DA:250,3
DA:252,3
DA:253,0
DA:256,3
DA:264,25
DA:265,63
DA:266,105
DA:267,40
DA:269,63
DA:270,38
DA:273,25
DA:281,25
DA:282,5
DA:289,25
DA:290,40
DA:293,40
DA:295,40
DA:296,40
DA:298,40
DA:302,40
DA:303,1
DA:304,1
DA:307,39
DA:308,1
DA:311,39
DA:312,24
DA:313,24
DA:314,24
DA:317,15
DA:318,13
DA:319,13
DA:322,2
DA:323,2
DA:327,25
DA:328,18
DA:331,18
DA:333,18
DA:334,13
DA:337,5
DA:338,3
DA:339,3
DA:343,2
DA:350,118
DA:352,118
DA:353,118
DA:358,118
DA:359,21
DA:360,21
DA:361,21
DA:365,97
DA:366,40
DA:369,97
DA:370,18
DA:374,97
DA:379,2
DA:380,2
DA:385,95
DA:387,95
DA:391,95
DA:396,6
DA:401,95
DA:403,95
DA:407,95
DA:408,2
DA:417,0
LF:127
LH:120
BRDA:159,0,0,247
BRDA:159,0,1,36
BRDA:168,1,0,6
BRDA:168,2,0,45
BRDA:168,2,1,41
BRDA:172,3,0,0
BRDA:176,4,0,23
BRDA:181,5,0,0
BRDA:204,6,0,4
BRDA:204,6,1,11
BRDA:195,7,0,15
BRDA:195,7,1,15
BRDA:202,8,0,12
BRDA:202,8,1,12
BRDA:207,9,0,4
BRDA:230,10,0,0
BRDA:235,11,0,1
BRDA:235,12,0,6
BRDA:235,12,1,1
BRDA:252,13,0,0
BRDA:252,14,0,3
BRDA:252,14,1,3
BRDA:267,15,0,40
BRDA:267,15,1,40
BRDA:269,16,0,38
BRDA:293,17,0,40
BRDA:293,17,1,4
BRDA:298,18,0,40
BRDA:298,18,1,25
BRDA:302,19,0,1
BRDA:302,20,0,40
BRDA:302,20,1,2
BRDA:302,20,2,1
BRDA:307,21,0,1
BRDA:307,22,0,39
BRDA:307,22,1,24
BRDA:311,23,0,24
BRDA:317,24,0,13
BRDA:317,25,0,15
BRDA:317,25,1,15
BRDA:322,26,0,2
BRDA:322,27,0,2
BRDA:322,27,1,2
BRDA:333,28,0,13
BRDA:337,29,0,3
BRDA:358,30,0,21
BRDA:358,31,0,118
BRDA:358,31,1,45
BRDA:358,31,2,27
BRDA:365,32,0,40
BRDA:365,33,0,97
BRDA:365,33,1,73
BRDA:369,34,0,18
BRDA:369,35,0,97
BRDA:369,35,1,73
BRDA:374,36,0,2
BRDA:375,37,0,97
BRDA:375,37,1,11
BRDA:375,37,2,8
BRDA:376,38,0,2
BRDA:376,38,1,9
BRDA:376,39,0,11
BRDA:376,39,1,11
BRDA:391,40,0,6
BRDA:392,41,0,95
BRDA:392,41,1,77
BRDA:392,41,2,43
BRDA:407,42,0,2
BRDA:407,43,0,95
BRDA:407,43,1,7
BRF:70
BRH:66
end_of_record
TN:
SF:src/mixstatus/utils.ts
FN:14,(anonymous_0)
FN:19,(anonymous_1)
FNF:2
FNH:2
FNDA:206,(anonymous_0)
FNDA:15,(anonymous_1)
DA:1,1
DA:3,1
DA:5,1
DA:14,206
DA:19,15
LF:5
LH:5
BRF:0
BRH:0
end_of_record
TN:
SF:src/remotedb/fields.ts
FN:8,(anonymous_1)
FN:73,(anonymous_2)
FN:82,parseNumber
FN:94,makeVariableBuffer
FN:105,(anonymous_5)
FN:112,(anonymous_6)
FN:119,(anonymous_7)
FN:157,(anonymous_8)
FN:170,(anonymous_9)
FN:153,(anonymous_10)
FN:184,(anonymous_11)
FN:189,(anonymous_12)
FN:180,(anonymous_13)
FN:208,read
FN:221,readField
FNF:15
FNH:14
FNDA:1,(anonymous_1)
FNDA:10,(anonymous_2)
FNDA:7,parseNumber
FNDA:6,makeVariableBuffer
FNDA:3,(anonymous_5)
FNDA:7,(anonymous_6)
FNDA:12,(anonymous_7)
FNDA:2,(anonymous_8)
FNDA:4,(anonymous_9)
FNDA:0,(anonymous_10)
FNDA:3,(anonymous_11)
FNDA:2,(anonymous_12)
FNDA:2,(anonymous_13)
FNDA:8,read
FNDA:4,readField
DA:3,1
DA:8,1
DA:9,1
DA:10,1
DA:11,1
DA:12,1
DA:13,1
DA:16,1
DA:72,1
DA:73,10
DA:76,1
DA:83,7
DA:84,7
DA:86,7
DA:87,3
DA:88,3
DA:91,4
DA:96,6
DA:97,6
DA:98,6
DA:100,6
DA:102,6
DA:105,1
DA:106,3
DA:113,7
DA:114,7
DA:115,7
DA:116,7
DA:120,12
DA:125,3
DA:127,3
DA:133,1
DA:138,1
DA:143,1
DA:148,1
DA:149,1
DA:153,1
DA:158,2
DA:159,2
DA:160,1
DA:161,1
DA:162,1
DA:166,1
DA:167,1
DA:171,4
DA:178,1
DA:179,1
DA:180,2
DA:185,3
DA:186,3
DA:190,2
DA:194,1
DA:209,8
DA:211,8
DA:212,8
DA:215,0
DA:221,1
DA:225,4
DA:226,4
DA:228,4
DA:229,1
DA:234,3
DA:235,1
DA:239,2
DA:240,2
DA:243,3
DA:245,3
LF:67
LH:66
BRDA:8,0,0,1
BRDA:8,0,1,1
BRDA:86,1,0,3
BRDA:98,2,0,4
BRDA:98,2,1,2
BRDA:98,3,0,6
BRDA:98,3,1,6
BRDA:159,4,0,1
BRDA:211,5,0,8
BRDA:228,6,0,1
BRDA:234,7,0,1
BRDA:234,7,1,2
BRDA:243,8,0,1
BRDA:243,8,1,2
BRF:14
BRH:14
end_of_record
TN:
SF:src/status/types.ts
FN:6,(anonymous_0)
FN:16,(anonymous_1)
FNF:2
FNH:2
FNDA:8,(anonymous_0)
FNDA:8,(anonymous_1)
DA:6,8
DA:7,8
DA:8,8
DA:9,8
DA:10,8
DA:16,8
DA:17,8
DA:18,8
DA:19,8
DA:20,8
DA:21,8
DA:22,8
DA:23,8
DA:24,8
DA:25,8
DA:26,8
DA:27,8
LF:17
LH:17
BRDA:6,0,0,8
BRDA:6,0,1,8
BRDA:16,1,0,8
BRDA:16,1,1,8
BRF:4
BRH:4
end_of_record
TN:
SF:src/status/utils.ts
FN:8,statusFromPacket
FN:53,mediaSlotFromPacket
FN:108,calcPitch
FN:122,positionFromPacket
FN:171,onAirFromPacket
FNF:5
FNH:5
FNDA:3,statusFromPacket
FNDA:3,mediaSlotFromPacket
FNDA:2,calcPitch
FNDA:7,positionFromPacket
FNDA:8,onAirFromPacket
DA:1,3
DA:2,3
DA:4,3
DA:5,3
DA:6,3
DA:8,3
DA:9,3
DA:10,1
DA:14,2
DA:15,1
DA:19,1
DA:20,1
DA:23,1
DA:24,1
DA:27,1
DA:28,1
DA:30,1
DA:50,1
DA:53,3
DA:54,3
DA:55,1
DA:58,2
DA:59,1
DA:62,1
DA:67,1
DA:74,1
DA:75,1
DA:77,1
DA:78,1
DA:79,1
DA:80,1
DA:81,1
DA:82,1
DA:83,1
DA:85,1
DA:99,1
DA:109,2
DA:110,2
DA:112,2
DA:114,2
DA:122,3
DA:123,7
DA:124,1
DA:128,6
DA:129,2
DA:133,4
DA:134,4
DA:135,0
DA:138,4
DA:139,4
DA:140,4
DA:144,4
DA:145,4
DA:148,4
DA:149,4
DA:151,4
DA:159,4
DA:171,3
DA:172,8
DA:173,1
DA:176,7
DA:177,7
DA:180,7
DA:181,1
DA:182,1
DA:189,1
DA:195,1
DA:199,6
DA:200,3
DA:201,3
DA:210,3
DA:216,3
DA:219,3
LF:73
LH:72
BRDA:9,0,0,1
BRDA:14,1,0,1
BRDA:20,2,0,1
BRDA:20,2,1,0
BRDA:24,3,0,1
BRDA:24,3,1,0
BRDA:28,4,0,1
BRDA:28,4,1,0
BRDA:54,5,0,1
BRDA:58,6,0,1
BRDA:123,7,0,1
BRDA:128,8,0,2
BRDA:134,9,0,0
BRDA:134,10,0,4
BRDA:134,10,1,4
BRDA:149,11,0,1
BRDA:149,11,1,3
BRDA:172,12,0,1
BRDA:180,13,0,1
BRDA:180,14,0,7
BRDA:180,14,1,2
BRDA:180,14,2,1
BRDA:199,15,0,3
BRDA:199,16,0,6
BRDA:199,16,1,5
BRDA:199,16,2,4
BRF:26
BRH:22
end_of_record
TN:
SF:src/utils/index.ts
FN:10,buildName
FN:23,getMatchingInterface
FN:25,(anonymous_11)
FN:26,(anonymous_12)
FN:54,bpmToSeconds
FN:60,(anonymous_14)
FN:66,getSlotName
FN:71,(anonymous_16)
FN:77,getTrackTypeName
FNF:9
FNH:6
FNDA:15,buildName
FNDA:0,getMatchingInterface
FNDA:0,(anonymous_11)
FNDA:0,(anonymous_12)
FNDA:221,bpmToSeconds
FNDA:30,(anonymous_14)
FNDA:3,getSlotName
FNDA:24,(anonymous_16)
FNDA:3,getTrackTypeName
DA:1,3
DA:3,3
DA:5,3
DA:10,3
DA:11,15
DA:12,15
DA:14,15
DA:23,3
DA:24,0
DA:26,0
DA:30,0
DA:31,0
DA:33,0
DA:34,0
DA:36,0
DA:37,0
DA:40,0
DA:42,0
DA:43,0
DA:44,0
DA:48,0
DA:54,3
DA:55,221
DA:56,221
DA:59,3
DA:60,30
DA:66,3
DA:67,3
DA:70,3
DA:71,24
DA:77,3
DA:78,3
LF:32
LH:19
BRDA:26,0,0,0
BRDA:26,0,1,0
BRDA:36,1,0,0
BRDA:36,2,0,0
BRDA:36,2,1,0
BRDA:36,2,2,0
BRDA:42,3,0,0
BRDA:42,4,0,0
BRDA:42,4,1,0
BRF:9
BRH:0
end_of_record
TN:
SF:src/virtualcdj/index.ts
FN:21,(anonymous_11)
FN:26,(anonymous_12)
FN:34,makeStatusPacket
FN:84,makeAnnouncePacket
FN:129,(anonymous_15)
FN:146,makeStage0aPacket
FN:169,makeStage00Packet
FN:190,makeStage02Packet
FN:213,makeStage04Packet
FN:233,makeStage06Packet
FN:258,parseConflictPacket
FN:321,(anonymous_22)
FN:335,(anonymous_23)
FN:526,(anonymous_24)
FN:351,(anonymous_26)
FN:363,_Announcer_handleConflict
FN:376,(anonymous_28)
FN:410,_Announcer_sendStagePackets
FN:441,(anonymous_30)
FN:459,(anonymous_31)
FN:462,_Announcer_advanceStage
FN:484,_Announcer_startKeepAlive
FN:501,(anonymous_34)
FN:508,(anonymous_35)
FNF:24
FNH:16
FNDA:34,(anonymous_11)
FNDA:204,(anonymous_12)
FNDA:2,makeStatusPacket
FNDA:5,makeAnnouncePacket
FNDA:1,(anonymous_15)
FNDA:8,makeStage0aPacket
FNDA:0,makeStage00Packet
FNDA:0,makeStage02Packet
FNDA:0,makeStage04Packet
FNDA:0,makeStage06Packet
FNDA:2,parseConflictPacket
FNDA:12,(anonymous_22)
FNDA:8,(anonymous_23)
FNDA:8,(anonymous_24)
FNDA:2,(anonymous_26)
FNDA:1,_Announcer_handleConflict
FNDA:0,(anonymous_28)
FNDA:8,_Announcer_sendStagePackets
FNDA:2,(anonymous_30)
FNDA:0,(anonymous_31)
FNDA:0,_Announcer_advanceStage
FNDA:1,_Announcer_startKeepAlive
FNDA:1,(anonymous_34)
FNDA:0,(anonymous_35)
DA:1,1
DA:6,1
DA:15,1
DA:16,1
DA:21,34
DA:26,204
DA:34,1
DA:42,2
DA:71,2
DA:72,2
DA:73,2
DA:74,2
DA:75,2
DA:77,2
DA:84,1
DA:85,5
DA:88,5
DA:90,5
DA:107,5
DA:123,5
DA:129,1
DA:131,1
DA:133,1
DA:135,1
DA:137,1
DA:139,1
DA:147,8
DA:148,8
DA:158,8
DA:159,7
DA:162,8
DA:170,0
DA:171,0
DA:183,0
DA:191,0
DA:192,0
DA:206,0
DA:214,0
DA:215,0
DA:226,0
DA:234,0
DA:235,0
DA:251,0
DA:260,2
DA:261,1
DA:265,1
DA:266,0
DA:270,1
DA:271,0
DA:275,1
DA:282,1
DA:286,12
DA:291,12
DA:295,12
DA:299,12
DA:303,12
DA:307,12
DA:311,12
DA:315,12
DA:319,12
DA:328,12
DA:329,12
DA:330,12
DA:331,12
DA:332,12
DA:336,8
DA:337,7
DA:339,1
DA:347,7
DA:348,7
DA:351,7
DA:352,2
DA:353,2
DA:354,1
DA:357,1
DA:360,7
DA:362,7
DA:370,1
DA:371,1
DA:372,1
DA:376,1
DA:377,1
DA:380,1
DA:381,1
DA:382,1
DA:383,1
DA:386,1
DA:387,0
DA:388,0
DA:389,0
DA:390,0
DA:395,1
DA:396,0
DA:397,0
DA:398,0
DA:401,1
DA:404,1
DA:407,1
DA:408,1
DA:409,1
DA:416,8
DA:420,8
DA:422,8
DA:423,8
DA:425,0
DA:426,0
DA:428,0
DA:429,0
DA:431,0
DA:432,0
DA:435,0
DA:436,0
DA:440,8
DA:441,8
DA:442,2
DA:446,8
DA:447,7
DA:448,7
DA:452,8
DA:454,0
DA:458,8
DA:459,0
DA:468,0
DA:470,0
DA:472,0
DA:473,0
DA:475,0
DA:476,0
DA:478,0
DA:479,0
DA:481,0
DA:482,0
DA:490,1
DA:491,0
DA:492,0
DA:496,1
DA:497,0
DA:498,0
DA:501,1
DA:502,1
DA:503,1
DA:507,1
DA:508,1
DA:509,0
DA:513,1
DA:514,1
DA:515,1
DA:520,1
DA:523,1
DA:527,8
DA:528,8
DA:529,8
DA:530,8
DA:534,8
DA:535,7
DA:536,7
LF:156
LH:110
BRDA:129,0,0,1
BRDA:129,0,1,1
BRDA:153,1,0,7
BRDA:153,1,1,1
BRDA:154,2,0,7
BRDA:154,2,1,1
BRDA:158,3,0,7
BRDA:176,4,0,0
BRDA:176,4,1,0
BRDA:197,5,0,0
BRDA:197,5,1,0
BRDA:220,6,0,0
BRDA:220,6,1,0
BRDA:248,7,0,0
BRDA:248,7,1,0
BRDA:260,8,0,1
BRDA:265,9,0,0
BRDA:270,10,0,0
BRDA:326,11,0,1
BRDA:336,12,0,7
BRDA:336,12,1,1
BRDA:527,13,0,8
BRDA:534,14,0,7
BRDA:353,15,0,1
BRDA:370,16,0,1
BRDA:381,17,0,1
BRDA:386,18,0,0
BRDA:388,19,0,0
BRDA:395,20,0,0
BRDA:421,21,0,8
BRDA:421,21,1,0
BRDA:421,21,2,0
BRDA:421,21,3,0
BRDA:421,21,4,0
BRDA:446,22,0,7
BRDA:452,23,0,0
BRDA:471,24,0,0
BRDA:471,24,1,0
BRDA:471,24,2,0
BRDA:471,24,3,0
BRDA:490,25,0,0
BRDA:496,26,0,0
BRDA:504,27,0,0
BRDA:504,27,1,1
BRDA:513,28,0,1
BRF:45
BRH:20
end_of_record
